[    0.000000] Initializing cgroup subsys cpuset
[    0.000000] Initiaizng grp subsys cpu
[    0.000000] Initializing cgroup subsys cpuacct
[    0.000000] Liux ersion 4.4.0-112-ener (buildd@lgw01-amd64-010) (gcc version 5.4.0 20160609 (Ubuntu 5.4.0-6ubutu~16.04.)  #35-Ubunt S Fri Jan 19 11:48:36 UTC 2018 (Ubuntu .4.0-112.135-generic 4.4.98)
[    0.000000] Command line: BOOT_IMAGE=/boot/vmlinuz-4.4.0-112-generic root=LABEL=cloudimg-rootfs ro cosole=tty1 conol=ttyS0
[    0.000000]KEEL supoted puus:
[    0.00000] IntelGeineIte
    0.000]   MDuthentcA
[   000000] Cntar ntaurHals
[   000000] x86/fpu: xstate_offset[2]:  576, tae_sizes[2: 256
[    0.000000] x86/fpu: Supporting XSAVE feature 0x01: 'x87 floating point registers'
[    0.000000] x86/fpu: Supporting XSAVE feature 0x02: 'SSE registers'
[    0.000000] 86/fpu: SupportingXSVE featue x0: 'AX gisters'
[    0.000000] x86/fpu: Enabled xstate features 0x7, context size is 832 bte, using 'sanar' format.
[  000000 x6/fpu:Usg 'lazy' FPU context switches.
[    0.000000] e820: BIOS-provided physical RAM map:
[    0.000000] BIOS-e820: [mem 0x0000000000000000-0x000000000009fbffusble
[    0.000] BIO-e0: [m 0000000000009fc00-0x000000000009ffff] reserved
[    0.000000] BIOS-e820: [mem 0x00000000000f0000-0x00000000000fffff] reserved
[    0.000000] BIOS-e820: [mem 0x0000000000100000-0x000000003ffeffff] usable
[    0.000000] BIOS-e820: [mem 0x000000003fff0000-0x000000003fffffff] ACPI data
[    0.000000] BIOS-e820: [mem 0x0000000fec00000-0x00000000fec00fff] reserved
[    0.000000] BIOS-e820: [mem 0x00000000fee00000-0x00000000fee00fff] reserved
[    0.000000] BIOS-e820: [mem 0x00000000fffc0000-0x00000000ffffffff] reserved
[    0.0000] NX(Eecut Disbl protection: active
  0.0000 SMBIOS 2 pesent.
[    0.00000Hypervisordected: KVM
[    0.000000] e820: last_pfn = 0x3fff0 max_arch_pfn = 0x400000000
[   0.0000] RR: Diabd
[    0.000] x8/PT: MTRRs isbledskppin P iniiazation too.
[  0.000000] CPU MTRRs all blank - virtualized system.
[    0.000000] x86/PAT: Configuration [0-7]: WB  WT  UC- UC  WB  WT  UC- UC  
[    0.000000] found SMP MP-table at [mem0x09fff0-0x000fff] apd atfff88000009ff0]
   0.000] Scannng areas orlow memory corruption
[    0.00000] MDIS [mem 0x3ad000-0x37565fff]
[    0.000000] ACPI: Early table checksum verification disabled
[    0.000000] ACPI:RSDP 0x00000000000E000 000024 (v02 VBOX  )
[    0.000000] ACPI: XSDT 0x000000003FFF0030 00003C (v01 VBOX   VBOXXSD 0000001 L  00000061)
[    0.00000 ACI: FACP 0x000000003FFF00F0 0000F4 (v04 VBOX   VBOXFACP 00000001 ASL  00000061)
[    0.000000] ACPI: DSDT 0x00000003F0470 0021FF (v02 VBOX   VBOXBIOS 00000002 INTL 20100528)
[    0.000] API: FACS 0x000000003FFF0200 000040
[    0.000000] ACPI: FACS 0x000000003FFF0200 000040
[    0.000000] ACPI: APIC 0x000000003FFF0240 00005C (v02 VBOX   VBOXAPIC 00000001 ASL  00000061)
[    0.000000] ACPI: SSDT 0x000000003FFF02A0 0001CC (01VBOX  OXCPUT 000002 NT2010028
[   .00000] No NUMA configuration fou
[   0.0000] Faking a node at [mem 0x0000000000000x000003ffefff]
[    0.000000] NODE_DATA(0) allocated [mem 0x3ffeb000-x3feff
[  0000000 k-clock: Using msrs 4b564d01 and 4b564d00
[    0.000000] kvm-clock: cpu 0, msr 0:3ffe3001, primary cpu clock
[    0.000000] kvm-clock: using sched offset of 3289785286 cycles
[    0.00000] clocksource: kvm-clock: mask: 0xffffffffffffffff max_cycles: 0x1cd42e4dffb, max_idle_ns: 881590591483 ns
[    0.000000] Zone ranges:
[    0.000000]   DMA      [mem 0x0000000000001000-0x000000000fffff]
[   0.00000  MA32   [em0x0000001000000-x0000003ffeff]
[    0.000]  Noal   empty
[    0.000000]   Device   empty
[    0.000000] Movable zone start for each node
[    0.000000] Early memoory noe nges
[   .000000]  de  0:[mem x000000000000100-x000000009eff]
[  000000] node  0[mem0x000000000100000-0x000000003ffefff]
[    0.000000] Initmem setup node 0 [em 0x000000000001000-0x000000fefff
[   .000000] ACPI: PM-Timer IO Port: 0x4008
[    0.000000] IOAPIC[0]: apic_id 2, version 32, address 0xfec00000, GSI 0-23
[    0.000000] ACPI: INT_SRC_OVR (bs  bs_rq gloalrq 2df dl)
  0.00000ACPI:IN_SRC_OVR(b 0 bus_irq 9 global_irq 9 low level)
[    00000] UinACPI (MADT) for SMPcoigurti infrmion
  0.00000] smpboot: Aloing  Cs, 0 hotluCPUs
[    0.000000] PM: Registered nosave memory: [mem 0x00000000-0x00000fff]
[    0.000000] PM: Regiserd nosavememry: [mem 0x00f0000x09ffff]
[    0.000000] PM: Regiserd osave emy: [me0x0000-0x000efff
[    0.000] PM:egstered sae memor: em 0000000-0x00fff][    0.000000] e820: [mem 0x40000000-0xfebfffff] available for PCI devices
[    0.000000] Booting paravirtualized kernel on KVM
[    0.00000] clocksoure: rfid-jiffis:ask: 0xfffff mx_cles: 0xffffffff, max_idle_ns: 7645519600211568 ns
[   .00000]setup_prcpu: NR_PU:512 nr_umask_bits:512 nr_cpu_ds:2 nr_node_ids:1
[    0.000000] PERCPU: Embedded 34 pages/cpu @ffff88003fc00000 s99544 r8192 d31528 u1048576
[    0.000000] PV qspinlock hash table entries: 256 (order: 0, 4096 bytes)
[    0.000000] Built 1 zonelists in Node order, mobility grouping on.  Total pages:257913
   0.000000]Poicy zone: DMA32
[    0.000000] Kernel command line: BOOT_IMAGE=/boot/vmlinuz-4.4.0-112-generic root=LABEL=cloudimg-rootfs ro console=tty1 console=ttyS0
[    0.000000] PID hash table entries: 4096 (order:, 2768bys)
[    00000]emry: 1001740K/1048120K available (8499K kernel code, 1309K rwdata, 3988K rodata, 1508K init, 1316K bss, 46380K reserved 0cma-reseed)
    0.000000] SLUB: HWalign=64, Order=0-3, MinObjects=0, CPUs=2, Nodes=1
    0.000000] Kerel/erpage tables isolation: enabled
[    0.000000] Hierarchical RCU implementation.
[    0.000000] 	Build-time adjustment of leaf fanout to 64.
[    0.000000] 	RCU restricting CPUs from NR_CPUS=512 to nr_cpu_ids=2.
[    0.000000] RCU: Adjusting geometry for rcu_fanout_leaf=64, nr_cpu_ids=2
[   0.000000] NR_IRQS:33024 nr_irqs:440 16
[    000000] Console: colouVG+ 80x25
[    0.000000] console [tty1] enabled
[    0.000000] console [ttyS0] enabled
[    0.000000] tsc: Detected 1600.000 MHz processor
[    9.405783] Calibrating delay lop (skipped) preset value.. 3200.00 BogoMIPS (lpj=6400000)
[    9.428900] pid_max: default: 3768 minimum: 301
[    9.471147] ACPI: Core revision 20150930
[    9.527049] ACPI: 2 ACPI AML tables successfully acquired and loaded
[    9.570756] Security Framework initialized
[    9.580361] Yama: becoming mindful.
[    9.586361] AppArmor: AppArmor initialized
[    9.601453] Dentry cache hash table entries: 131072 (order: 8, 1048576 bytes)
[    9.648831] Inode-cache hash table entries: 65536 (order: 7, 524288 bytes)
[    9.684892] Mount-cache hash table entries: 2048 (order: 2, 16384 bytes)
[    9.696122] Mountpoint-cache hash table entries: 2048 (order: 2, 16384 bytes)
[    9.715276] Initializing cgroup subsys io
[    9.736753] Initializing cgroup subsys memory
[    9.787192] Initializing cgroup subsys devices
[    9.822983] Initializing cgroup subsys freezer
[    9.824322] Initializing cgroup subsys net_cls
[    9.826379] Initializing cgroup subsys perf_event
[    9.827777] Initializing cgroup subsys net_prio
[    9.829146] Initializing cgroup subsys hugetlb
[    9.830543] Initializing cgroup subsys pids
[    9.831889] CPU: Physical Processor ID: 0
[    9.833117] CPU: Processor Core ID: 0
[    9.853331] FEATURE SPEC_CTRL Not Present
[    9.881215] mce: CPU supports 0 MCE banks
[    9.901930] Last level iTLB entries: 4KB 64, 2MB 8, 4MB 8
[    9.944609] Last level dTLB entries: 4KB 64, 2MB 0, 4MB 0, 1GB 4
[    9.949213] Freeing SMP alternatives memory: 32K
[   10.022500] ftrace: allocating 32180 entries in 126 pages
[   10.084726] smpboot: APIC(0) Converting physical 0 to logical package 0
[   10.115908] smpboot: Max logical packages: 1
[   10.128689] x2apic enabled
[   10.139978] Switched APIC routing to physical x2apic.
[   10.198841] ..TIMER: vector=0x30 apic1=0 pin1=2 apic2=-1 pin2=-1
[   10.376843] smpboot: CPU0: Intel(R) Core(TM) i5-5250U CPU @ 1.60GHz (family: 0x6, model: 0x3d, stepping: 0x4)
[   10.385417] Performance Events: unsupported p6 CPU model 61 no PMU driver, software events only.
[   10.390752] KVM setup paravirtual spinlock
[   10.416382] x86: Booting SMP configuration:
[   10.446234] .... node  #0, CPUs:      #1
[   10.462201] kvm-clock: cpu 1, msr 0:3ffe3041, secondary cpu clock
[   10.474230] mce: CPU supports 0 MCE banks
[   10.479726] x86: Booted up 1 node, 2 CPUs
[   10.505842] smpboot: Total of 2 processors activated (6400.00 BogoMIPS)
[   10.583489] devtmpfs: initialized
[   10.619990] evm: security.selinux
[   10.642850] evm: security.SMACK64
[   10.643823] evm: security.SMACK64EXEC
[   10.644927] evm: security.SMACK64TRANSMUTE
[   10.646048] evm: security.SMACK64MMAP
[   10.647173] evm: security.ima
[   10.649656] evm: security.capability
[   10.669641] clocksource: jiffies: mask: 0xffffffff max_cycles: 0xffffffff, max_idle_ns: 7645041785100000 ns
[   10.686783] futex hash table entries: 512 (order: 3, 32768 bytes)
[   10.699001] pinctrl core: initialized pinctrl subsystem
[   10.710402] RTC time: 14:34:15, date: 02/06/18
[   10.727019] NET: Registered protocol family 16
[   10.744899] cpuidle: using governor ladder
[   10.769164] cpuidle: using governor menu
[   10.770698] PCCT header not found.
[   10.779920] ACPI: bus type PCI registered
[   10.789668] acpiphp: ACPI Hot Plug PCI Controller Driver version: 0.5
[   10.793755] PCI: Using configuration type 1 for base access
[   10.806572] ACPI: Added _OSI(Module Device)
[   10.814883] ACPI: Added _OSI(Processor Device)
[   10.822370] ACPI: Added _OSI(3.0 _SCP Extensions)
[   10.833727] ACPI: Added _OSI(Processor Aggregator Device)
[   10.847638] ACPI: Executed 1 blocks of module-level executable AML code
[   10.867653] ACPI: Interpreter enabled
[   10.879083] ACPI: (supports S0 S5)
[   10.883721] ACPI: Using IOAPIC for interrupt routing
[   10.891294] PCI: Using host bridge windows from ACPI; if necessary, use "pci=nocrs" and report a bug
[   10.923616] ACPI: PCI Root Bridge [PCI0] (domain 0000 [bus 00-ff])
[   10.989378] acpi PNP0A03:00: _OSC: OS supports [ASPM ClockPM Segments MSI]
[   11.005203] acpi PNP0A03:00: _OSC: not requesting OS control; OS requires [ExtendedConfig ASPM ClockPM MSI]
[   11.014255] acpi PNP0A03:00: fail to add MMCONFIG information, can't access extended PCI configuration space under this bridge.
[   11.024022] PCI host bridge to bus 0000:00
[   11.052402] pci_bus 0000:00: root bus resource [io  0x0000-0x0cf7 window]
[   11.085092] pci_bus 0000:00: root bus resource [io  0x0d00-0xffff window]
[   11.133211] pci_bus 0000:00: root bus resource [mem 0x000a0000-0x000bffff window]
[   11.169382] pci_bus 0000:00: root bus resource [mem 0x40000000-0xfdffffff window]
[   11.241629] pci_bus 0000:00: root bus resource [bus 00-ff]
[   11.280709] pci 0000:00:01.1: legacy IDE quirk: reg 0x10: [io  0x01f0-0x01f7]
[   11.331425] pci 0000:00:01.1: legacy IDE quirk: reg 0x14: [io  0x03f6]
[   11.393666] pci 0000:00:01.1: legacy IDE quirk: reg 0x18: [io  0x0170-0x0177]
[   11.447383] pci 0000:00:01.1: legacy IDE quirk: reg 0x1c: [io  0x0376]
[   11.497732] pci 0000:00:07.0: quirk: [io  0x4000-0x403f] claimed by PIIX4 ACPI
[   11.528516] pci 0000:00:07.0: quirk: [io  0x4100-0x410f] claimed by PIIX4 SMB
[   11.563927] ACPI: PCI Interrupt Link [LNKA] (IRQs 5 9 10 *11)
[   11.613221] ACPI: PCI Interrupt Link [LNKB] (IRQs 5 9 *10 11)
[   11.657908] ACPI: PCI Interrupt Link [LNKC] (IRQs 5 *9 10 11)
[   11.720255] ACPI: PCI Interrupt Link [LNKD] (IRQs 5 9 10 *11)
[   11.765255] ACPI: Enabled 2 GPEs in block 00 to 07
[   11.825279] vgaarb: setting as boot device: PCI:0000:00:02.0
[   11.855024] vgaarb: device added: PCI:0000:00:02.0,decodes=io+mem,owns=io+mem,locks=none
[   11.857379] vgaarb: loaded
[   11.877374] vgaarb: bridge control possible 0000:00:02.0
[   11.879033] SCSI subsystem initialized
[   11.880398] ACPI: bus type USB registered
[   11.914781] usbcore: registered new interface driver usbfs
[   11.929671] usbcore: registered new interface driver hub
[   11.933223] usbcore: registered new device driver usb
[   11.937227] PCI: Using ACPI for IRQ routing
[   11.948385] NetLabel: Initializing
[   11.959626] NetLabel:  domain hash size = 128
[   11.969535] NetLabel:  protocols = UNLABELED CIPSOv4
[   11.991949] NetLabel:  unlabeled traffic allowed by default
[   12.004370] amd_nb: Cannot enumerate AMD northbridges
[   12.046011] clocksource: Switched to clocksource kvm-clock
[   12.082920] AppArmor: AppArmor Filesystem Enabled
[   12.137667] pnp: PnP ACPI init
[   12.154148] pnp: PnP ACPI: found 3 devices
[   12.187656] clocksource: acpi_pm: mask: 0xffffff max_cycles: 0xffffff, max_idle_ns: 2085701024 ns
[   12.191810] NET: Registered protocol family 2
[   12.206660] TCP established hash table entries: 8192 (order: 4, 65536 bytes)
[   12.270770] TCP bind hash table entries: 8192 (order: 5, 131072 bytes)
[   12.297798] TCP: Hash tables configured (established 8192 bind 8192)
[   12.299459] UDP hash table entries: 512 (order: 2, 16384 bytes)
[   12.301048] UDP-Lite hash table entries: 512 (order: 2, 16384 bytes)
[   12.369869] NET: Registered protocol family 1
[   12.403142] pci 0000:00:00.0: Limiting direct PCI/PCI transfers
[   12.406620] pci 0000:00:01.0: Activating ISA DMA hang workarounds
[   12.411459] Unpacking initramfs...
[   14.741185] Freeing initrd memory: 10792K
[   14.805702] RAPL PMU detected, API unit is 2^-32 Joules, 4 fixed counters 10737418240 ms ovfl timer
[   14.911633] hw unit of domain pp0-core 2^-0 Joules
[   14.961352] hw unit of domain package 2^-0 Joules
[   14.988267] hw unit of domain dram 2^-0 Joules
[   14.989614] hw unit of domain pp1-gpu 2^-0 Joules
[   15.036146] platform rtc_cmos: registered platform RTC device (no PNP device found)
[   15.148981] Scanning for low memory corruption every 60 seconds
[   15.242180] audit: initializing netlink subsys (disabled)
[   15.319802] audit: type=2000 audit(1517927653.558:1): initialized
[   15.370605] Initialise system trusted keyring
[   15.427422] HugeTLB registered 2 MB page size, pre-allocated 0 pages
[   15.473510] zbud: loaded
[   15.482021] VFS: Disk quotas dquot_6.6.0
[   15.500438] VFS: Dquot-cache hash table entries: 512 (order 0, 4096 bytes)
[   15.519057] squashfs: version 4.0 (2009/01/31) Phillip Lougher
[   15.545942] fuse init (API version 7.23)
[   15.582795] Key type big_key registered
[   15.612656] Allocating IMA MOK and blacklist keyrings.
[   15.675789] Key type asymmetric registered
[   15.701276] Asymmetric key parser 'x509' registered
[   15.722061] Block layer SCSI generic (bsg) driver version 0.4 loaded (major 249)
[   15.827642] io scheduler noop registered
[   15.831837] io scheduler deadline registered (default)
[   15.919692] io scheduler cfq registered
[   15.937575] pci_hotplug: PCI Hot Plug PCI Core version: 0.5
[   16.038650] tsc: Refined TSC clocksource calibration: 1598.552 MHz
[   16.107348] clocksource: tsc: mask: 0xffffffffffffffff max_cycles: 0x170acd1baa5, max_idle_ns: 440795234436 ns
[   16.110903] pciehp: PCI Express Hot Plug Controller Driver version: 0.4
[   16.111297] ACPI: AC Adapter [AC] (on-line)
[   16.111357] input: Power Button as /devices/LNXSYSTM:00/LNXPWRBN:00/input/input0
[   16.111359] ACPI: Power Button [PWRF]
[   16.111435] input: Sleep Button as /devices/LNXSYSTM:00/LNXSLPBN:00/input/input1
[   16.111436] ACPI: Sleep Button [SLPF]
[   16.112620] ACPI: Battery Slot [BAT0] (battery present)
[   16.112654] GHES: HEST is not enabled!
[   16.188799] Serial: 8250/16550 driver, 32 ports, IRQ sharing enabled
[   16.285540] 00:02: ttyS0 at I/O 0x3f8 (irq = 4, base_baud = 115200) is a 16550A
[   16.340029] Linux agpgart interface v0.103
[   16.344410] loop: module loaded
[   16.344962] scsi host0: ata_piix
[   16.345018] scsi host1: ata_piix
[   16.345050] ata1: PATA max UDMA/33 cmd 0x1f0 ctl 0x3f6 bmdma 0xd000 irq 14
[   16.345051] ata2: PATA max UDMA/33 cmd 0x170 ctl 0x376 bmdma 0xd008 irq 15
[   16.345119] libphy: Fixed MDIO Bus: probed
[   16.345121] tun: Universal TUN/TAP device driver, 1.6
[   16.345122] tun: (C) 1999-2004 Max Krasnyansky <maxk@qualcomm.com>
[   16.345464] PPP generic driver version 2.4.2
[   16.345526] ehci_hcd: USB 2.0 'Enhanced' Host Controller (EHCI) Driver
[   16.345529] ehci-pci: EHCI PCI platform driver
[   16.345546] ehci-platform: EHCI generic platform driver
[   16.345553] ohci_hcd: USB 1.1 'Open' Host Controller (OHCI) Driver
[   16.345556] ohci-pci: OHCI PCI platform driver
[   16.345564] ohci-platform: OHCI generic platform driver
[   16.345571] uhci_hcd: USB Universal Host Controller Interface driver
[   16.345626] i8042: PNP: PS/2 Controller [PNP0303:PS2K,PNP0f03:PS2M] at 0x60,0x64 irq 1,12
[   16.346134] serio: i8042 KBD port at 0x60,0x64 irq 1
[   16.346138] serio: i8042 AUX port at 0x60,0x64 irq 12
[   16.346312] mousedev: PS/2 mouse device common for all mice
[   16.346604] input: AT Translated Set 2 keyboard as /devices/platform/i8042/serio0/input/input2
[   16.346965] rtc_cmos rtc_cmos: rtc core: registered rtc_cmos as rtc0
[   16.347029] rtc_cmos rtc_cmos: alarms up to one day, 114 bytes nvram
[   16.347035] i2c /dev entries driver
[   16.347095] device-mapper: uevent: version 1.0.3
[   16.347153] device-mapper: ioctl: 4.34.0-ioctl (2015-10-28) initialised: dm-devel@redhat.com
[   16.347173] ledtrig-cpu: registered to indicate activity on CPUs
[   16.347765] NET: Registered protocol family 10
[   16.347928] NET: Registered protocol family 17
[   16.347940] Key type dns_resolver registered
[   16.348085] microcode: CPU0 sig=0x306d4, pf=0x40, revision=0x0
[   16.349216] microcode: CPU1 sig=0x306d4, pf=0x40, revision=0x0
[   16.349248] microcode: Microcode Update Driver: v2.01 <tigran@aivazian.fsnet.co.uk>, Peter Oruba
[   16.349367] registered taskstats version 1
[   16.349380] Loading compiled-in X.509 certificates
[   16.350091] Loaded X.509 cert 'Build time autogenerated kernel key: 4c603087bab8f0a02cb3b4e1fb4c40f507e71ef1'
[   16.350110] zswap: loaded using pool lzo/zbud
[   16.352038] Key type trusted registered
[   16.355671] Key type encrypted registered
[   16.355680] AppArmor: AppArmor sha1 policy hashing enabled
[   16.355685] ima: No TPM chip found, activating TPM-bypass!
[   16.355710] evm: HMAC attrs: 0x1
[   16.356048]   Magic number: 6:937:585
[   16.358808] rtc_cmos rtc_cmos: setting system clock to 2018-02-06 14:34:20 UTC (1517927660)
[   16.358907] BIOS EDD facility v0.16 2004-Jun-25, 0 devices found
[   16.358908] EDD information not available.
[   18.218430] Freeing unused kernel memory: 1508K
[   18.244433] Write protecting the kernel read-only data: 14336k
[   18.248247] Freeing unused kernel memory: 1728K
[   18.271425] Freeing unused kernel memory: 108K
Loading, please wait...
starting version[   19.196936] random: systemd-udevd: uninitialized urandom read (16 bytes read, 7 bits of entropy available)
 229
[   19.197614] random: udevadm: uninitialized urandom read (16 bytes read, 7 bits of entropy available)
[   19.197646] random: udevadm: uninitialized urandom read (16 bytes read, 7 bits of entropy available)
[   19.210181] random: udevadm: uninitialized urandom read (16 bytes read, 7 bits of entropy available)
[   19.210258] random: udevadm: uninitialized urandom read (16 bytes read, 7 bits of entropy available)
[   19.210459] random: udevadm: uninitialized urandom read (16 bytes read, 7 bits of entropy available)
[   19.210533] random: udevadm: uninitialized urandom read (16 bytes read, 7 bits of entropy available)
[   19.210608] random: udevadm: uninitialized urandom read (16 bytes read, 7 bits of entropy available)
[   19.210682] random: udevadm: uninitialized urandom read (16 bytes read, 7 bits of entropy available)
[   19.210753] random: udevadm: uninitialized urandom read (16 bytes read, 7 bits of entropy available)
[   19.522374] e1000: Intel(R) PRO/1000 Network Driver - version 7.3.21-k8-NAPI
[   19.580032] e1000: Copyright (c) 1999-2006 Intel Corporation.
[   19.598151] Fusion MPT base driver 3.04.20
[   19.642074] Copyright (c) 1999-2008 LSI Corporation
[   19.658765] Fusion MPT SPI Host driver 3.04.20
[   19.669623] AVX2 version of gcm_enc/dec engaged.
[   19.675065] AES CTR mode by8 optimization enabled
[   19.871216] input: ImExPS/2 Generic Explorer Mouse as /devices/platform/i8042/serio1/input/input4
[   20.011712] e1000 0000:00:03.0 eth0: (PCI:33MHz:32-bit) 02:db:14:78:b4:e6
[   20.067522] e1000 0000:00:03.0 eth0: Intel(R) PRO/1000 Network Connection
[   20.070221] mptbase: ioc0: Initiating bringup
[   20.161614] ioc0: LSI53C1030 A0: Capabilities={Initiator}
[   21.578098] scsi host2: ioc0: LSI53C1030 A0, FwRev=00000000h, Ports=1, MaxQ=256, IRQ=20
[   22.596080] floppy0: no floppy controllers found
[   23.104815] scsi 2:0:0:0: Direct-Access     VBOX     HARDDISK         1.0  PQ: 0 ANSI: 5
[   23.580284] scsi target2:0:0: Beginning Domain Validation
[   23.590472] scsi target2:0:0: Domain Validation skipping write tests
[   23.663083] scsi target2:0:0: Ending Domain Validation
[   23.719350] scsi target2:0:0: asynchronous
[   23.742222] scsi 2:0:1:0: Direct-Access     VBOX     HARDDISK         1.0  PQ: 0 ANSI: 5
[   23.751829] scsi target2:0:1: Beginning Domain Validation
[   23.754661] scsi target2:0:1: Domain Validation skipping write tests
[   23.763999] scsi target2:0:1: Ending Domain Validation
[   23.765732] scsi target2:0:1: asynchronous
[   23.783089] sd 2:0:0:0: Attached scsi generic sg0 type 0
[   23.786432] sd 2:0:1:0: Attached scsi generic sg1 type 0
[   23.788269] sd 2:0:1:0: [sdb] 20480 512-byte logical blocks: (10.5 MB/10.0 MiB)
[   23.808365] sd 2:0:0:0: [sda] 20971520 512-byte logical blocks: (10.7 GB/10.0 GiB)
[   23.813289] sd 2:0:1:0: [sdb] Write Protect is off
[   23.824657] sd 2:0:0:0: [sda] Write Protect is off
[   23.829979] sd 2:0:0:0: [sda] Incomplete mode parameter data
[   23.832736] sd 2:0:0:0: [sda] Assuming drive cache: write through
[   23.862596] sd 2:0:1:0: [sdb] Incomplete mode parameter data
[   23.867705] sd 2:0:1:0: [sdb] Assuming drive cache: write through
[   23.872758] sd 2:0:1:0: [sdb] Attached SCSI disk
[   23.887042]  sda: sda1
[   23.888867] sd 2:0:0:0: [sda] Attached SCSI disk
[   24.083278] e1000 0000:00:08.0 eth1: (PCI:33MHz:32-bit) 08:00:27:06:e3:d9
[   24.170568] e1000 0000:00:08.0 eth1: Intel(R) PRO/1000 Network Connection
[   24.194526] e1000 0000:00:03.0 enp0s3: renamed from eth0
[   24.267857] e1000 0000:00:08.0 enp0s8: renamed from eth1
Begin: Loading e[   25.732991] md: linear personality registered for level -1
ssential drivers[   25.825509] md: multipath personality registered for level -4
 ... [   25.872703] md: raid0 personality registered for level 0
[   25.884220] md: raid1 personality registered for level 1
[   25.962123] raid6: sse2x1   gen()  5487 MB/s
[   26.078322] raid6: sse2x1   xor()  5771 MB/s
[   26.198990] raid6: sse2x2   gen()  8739 MB/s
[   26.310649] raid6: sse2x2   xor()  6387 MB/s
[   26.390440] raid6: sse2x4   gen() 11015 MB/s
[   26.490135] raid6: sse2x4   xor()  7556 MB/s
[   26.602369] raid6: avx2x1   gen() 15008 MB/s
[   26.746049] raid6: avx2x2   gen() 16438 MB/s
[   26.814373] raid6: avx2x4   gen() 19671 MB/s
[   26.837261] raid6: using algorithm avx2x4 gen() 19671 MB/s
[   26.879052] raid6: using avx2x2 recovery algorithm
[   26.903728] xor: automatically using best checksumming function:
[   26.974097]    avx       : 17017.000 MB/sec
[   26.992741] async_tx: api initialized (async)
[   27.084472] md: raid6 personality registered for level 6
[   27.096407] md: raid5 personality registered for level 5
[   27.107291] md: raid4 personality registered for level 4
[   27.134232] md: raid10 personality registered for level 10
done.
Begin: Running /scripts/init-premount ... done.
Begin: Mounting root file system ... Begin: Running /scripts/local-top ... done.
Begin: Running /scripts/local-premount ... [   27.225786] Btrfs loaded
Scanning for Btrfs filesystems
done.
Warning: fsck not present, so skipping root file[   27.312589] EXT4-fs (sda1): mounted filesystem with ordered data mode. Opts: (null)
 system
done.
Begin: Running /scripts/local-bottom ... done.
Begin: Running /scripts/init-bottom ... done.
[   27.463728] systemd[1]: systemd 229 running in system mode. (+PAM +AUDIT +SELINUX +IMA +APPARMOR +SMACK +SYSVINIT +UTMP +LIBCRYPTSETUP +GCRYPT +GNUTLS +ACL +XZ -LZ4 +SECCOMP +BLKID +ELFUTILS +KMOD -IDN)
[   27.626213] systemd[1]: Detected virtualization oracle.
[   27.662063] systemd[1]: Detected architecture x86-64.

Welcome to [1mUbuntu 16.04.3 LTS[0m!

[ 2770426 sted[1]: Set hosnameto<unt.
[   28.176796] systemd[1]: Initializing machine ID from random generator.
[   28.218479] systemd[1]: Installed transient /etc/machine-id file.
[ 28586717]syte[1 Ltengn ud Kernel Socket.

[[0;32m  OK  [0m] Listening on udev Kernel Socket.
[   29.1180] sysem1]Lienng on JouralSoct /d/lg)
[[0;32m  OK  [0m] Listening on Journal Socket (/dev/log).
[ 29517]ysmd]:isning on LVM2 poll aem ske
[[0;32m  OK  [0m] Listening on [   30.702606] random: nonblocking pool is initialized
LVM2 poll daemon socket.
[   31.806623] systemd[1]: Listening on Journal Audit Socket.
[[0;32m  OK  [0m] Listening on Journal Audit Socket.
[   31.862963] systemd[1]: Reached target Swap.
[[0;32m  OK  [0m] Reached target Swap.
[   31.930580] systemd[1]: Started Forward Password Requests to Wall Directory Watch.
[[0;32m  OK  [0m] Started Forward Password Requests to Wall Directory Watch.
[   32.023412] systemd[1]: Created slice System Slice.
[[0;32m  OK  [0m] Created slice System Slice.
[   32.091412] systemd[1]: Created slice User and Session Slice.
[[0;32m  OK  [0m] Created slice User and Session Slice.
[   32.230541] systemd[1]: Reached target Slices.
[[0;32m  OK  [0m] Reached target Slices.
[   32.287241] systemd[1]: Reached target User and Group Name Lookups.
[[0;32m  OK  [0m] Reached target User and Group Name Lookups.
[   32.350159] systemd[1]: Listening on Syslog Socket.
[[0;32m  OK  [0m] Listening on Syslog Socket.
[   32.399102] systemd[1]: Reached target Encrypted Volumes.
[[0;32m  OK  [0m] Reached target Encrypted Volumes.
[   32.486844] systemd[1]: Started Trigger resolvconf update for networkd DNS.
[[0;32m  OK  [0m] Started Trigger resolvconf update for networkd DNS.
[   32.586855] systemd[1]: Listening on /dev/initctl Compatibility Named Pipe.
[[0;32m  OK  [0m] Listening on /dev/initctl Compatibility Named Pipe.
[   32.726847] systemd[1]: Listening on udev Control Socket.
[[0;32m  OK  [0m] Listening on udev Control Socket.
[   32.835332] systemd[1]: Set up automount Arbitrary Executable File Formats File System Automount Point.
[[0;32m  OK  [0m] Set up automount Arbitrary Executab...ats File System Automount Point.
[   32.881387] systemd[1]: Created slice system-serial\x2dgetty.slice.
[[0;32m  OK  [0m] Created slice system-serial\x2dgetty.slice.
[   32.902744] systemd[1]: Listening on Device-mapper event daemon FIFOs.
[[0;32m  OK  [0m] Listening on Device-mapper event daemon FIFOs.
[   32.919559] systemd[1]: Listening on Journal Socket.
[[0;32m  OK  [0m] Listening on Journal Socket.
[   32.946418] systemd[1]: Starting Uncomplicated firewall...
         Starting Uncomplicated firewall...
[   33.011283] systemd[1]: Starting Nameserver information manager...
         Starting Nameserver information manager...
[   33.086671] systemd[1]: Mounting Debug File System...
         Mounting Debug File System...
[   33.131741] systemd[1]: Mounting POSIX Message Queue File System...
         Mounting POSIX Message Queue File System...
[   33.170399] systemd[1]: Starting Set console keymap...
         Starting Set console keymap...
[   33.214997] systemd[1]: Starting Journal Service...
         Starting Journal Service...
[   33.259022] systemd[1]: Starting Remount Root and Kernel File Systems...
[   33.265403] EXT4-fs (sda1): re-mounted. Opts: (null)
         Starting Remount Root and Kernel File Systems...
[   33.347869] systemd[1]: Starting Load Kernel Modules...
         Starting Load Kernel Modules...[   33.410026] Loading iSCSI transport class v2.0-870.

[   33.477336] systemd[1]: Starting Create list of required static device nodes for the current kernel...
         Starting Create list of required[   33.489971] iscsi: registered transport (tcp)
 st... nodes for the current kernel...
[   33.550784] iscsi: registered transport (iser)
[   34.262840] systemd[1]: Mounting Huge Pages File System...
         Mounting Huge Pages File System...
[   34.294709] systemd[1]: Listening on LVM2 metadata daemon socket.
[[0;32m  OK  [0m] Listening on LVM2 metadata daemon socket.
[   34.358765] systemd[1]: Starting Monitoring of LVM2 mirrors, snapshots etc. using dmeventd or progress polling...
         Starting Monitoring of LVM2 mirrors... dmeventd or progress polling...
[   34.500410] systemd[1]: Mounted POSIX Message Queue File System.
[[0;32m  OK  [0m] Mounted POSIX Message Queue File System.
[   34.583111] systemd[1]: Mounted Debug File System.
[[0;32m  OK  [0m] Mounted Debug File System.
[   34.686845] systemd[1]: Mounted Huge Pages File System.
[[0;32m  OK  [0m] Mounted Huge Pages File System.
[   34.815165] systemd[1]: Started Journal Service.
[[0;32m  OK  [0m] Started Journal Service.
[[0;32m  OK  [0m] Started Uncomplicated firewall.
[[0;32m  OK  [0m] Started Set console keymap.
[[0;32m  OK  [0m] Started Remount Root and Kernel File Systems.
[[0;32m  OK  [0m] Started Load Kernel Modules.
[[0;32m  OK  [0m] Started Create list of required sta...ce nodes for the current kernel.
[[0;32m  OK  [0m] Started Nameserver information manager.
[[0;32m  OK  [0m] Started LVM2 metadata daemon.
         Starting Create Static Device Nodes in /dev...
         Mounting FUSE Control File System...
         Starting Apply Kernel Variables...
         Starting Initial cloud-init job (pre-networking)...
         Starting Load/Save Random Seed...
         Starting udev Coldplug all Devices...
         Starting Flush Journal to Persistent Storage...
[[0;32m  OK  [0m] Mounted FUSE Control File System.
[[0;32m  OK  [0m] Started Monitoring of LVM2 mirrors,...ng dmeventd or progress polling.
[[0;32m  OK  [0m] Started Create Static Device Nodes in /dev.
[[0;32m  OK  [0m] Started Apply Kernel Variables.
[[0;32m  OK  [0m] Started Load/Save Random Seed.
[[0;32m  OK  [0m] Started udev Coldplug all Devices.
[[0;32m  OK  [0m] Started Flush Journal to Persistent Storage.
         Starting udev Kernel Device Manager...
[[0;32m  OK  [0m] Started udev Kernel Device Manager.
[[0;32m  OK  [0m] Started Dispatch Password Requests to Console Directory Watch.
[[0;32m  OK  [0m] Reached target Local File Systems (Pre).
[[0;32m  OK  [0m] Reached target Local File Systems.
         Starting Create Volatile Files and Directories...
         Starting Set console font and keymap...
         Starting Tell Plymouth To Write Out Runtime Data...
         Starting LSB: AppArmor initialization...
         Starting Commit a transient machine-id on disk...
[[0;32m  OK  [0m] Started Create Volatile Files and Directories.
[[0;32m  OK  [0m] Started Tell Plymouth To Write Out Runtime Data.
[[0;32m  OK  [0m] Started Commit a transient machine-id on disk.
[[0;32m  OK  [0m] Found device /dev/ttyS0.
         Starting Update UTMP about System Boot/Shutdown...
[[0;32m  OK  [0m] Reached target System Time Synchronized.
[[0;32m  OK  [0m] Started Update UTMP about System Boot/Shutdown.
[[0;32m  OK  [0m] Listening on Load/Save RF Kill Switch Status /dev/rfkill Watch.
[   26.157881] cloud-init[456]: Cloud-init v. 17.1 running 'init-local' at Tue, 06 Feb 2018 14:34:41 +0000. Up 25.53 seconds.
[[0;32m  OK  [0m] Started Initial cloud-init job (pre-networking).
[[0;32m  OK  [0m] Started LSB: AppArmor initialization.
[[0;32m  OK  [0m] Reached target Network (Pre).
         Starting Raise network interfaces...
[[0;32m  OK  [0m] Started Set console font and keymap.
[[0;32m  OK  [0m] Created slice system-getty.slice.
[[0;32m  OK  [0m] Started Raise network interfaces.
[[0;32m  OK  [0m] Reached target Network.
         Starting Initial cloud-init job (metadata service crawler)...
[   29.604423] cloud-init[960]: Cloud-init v. 17.1 running 'init' at Tue, 06 Feb 2018 14:34:43 +0000. Up 28.33 seconds.
[   29.632499] cloud-init[960]: ci-info: ++++++++++++++++++++++++++++++++++++++Net device info++++++++++++++++++++++++++++++++++++++
[   29.720645] cloud-init[960]: ci-info: +--------+-------+----------------------------+---------------+-------+-------------------+
[   29.721291] cloud-init[960]: ci-info: | Device |   Up  |          Address           |      Mask     | Scope |     Hw-Address    |
[[0;32m  OK  [0m] Started Initial cloud-init job (metadata service crawler).
[   29.721536] cloud-init[960]: ci-info: +--------+-------+----------------------------+---------------+-------+-------------------+
[   29.905173] cloud-init[960]: ci-info: | enp0s3 |  True |         10.0.2.15          | 255.255.255.0 |   .   | 02:db:14:78:b4:e6 |
[   29.905626] cloud-init[960]: ci-info: | enp0s3 |  True | fe80::db:14ff:fe78:b4e6/64 |       .       |  link | 02:db:14:78:b4:e6 |
[[0;32m  OK  [0m] Reached target System Initialization.
[   29.905804] cloud-init[960]: ci-info: | enp0s8 | False |             .              |       .       |   .   | 08:00:27:06:e3:d9 |
[   30.068927] cloud-init[960]: ci-info: |   lo   |  True |         127.0.0.1          |   255.0.0.0   |   .   |         .         |
[   30.069791] cloud-init[960]: ci-info: |   lo   |  True |          ::1/128           |       .       |  host |         .         |
[[0;32m  OK  [0m] Started ACPI Events Check.
[   30.069966] cloud-init[960]: ci-info: +--------+-------+----------------------------+---------------+-------+-------------------+
[   30.329419] cloud-init[960]: ci-info: +++++++++++++++++++++++++++Route IPv4 info++++++++++++++++++++++++++++
[[0;32m  OK  [0m] Reached target Paths.
[[   30.329635] cloud-init[960]: ci-info: +-------+-------------+----------+---------------+-----------+-------+
[   30.380570] cloud-init[960]: ci-info: | Route | Destination | Gateway  |    Genmask    | Interface | Flags |
[0;32m  OK  [0m] Listening on ACPID Listen Socket.
[[   30.380818] cloud-init[960]: ci-info: +-------+-------------+----------+---------------+-----------+-------+
[   30.517669] cloud-init[960]: ci-info: |   0   |   0.0.0.0   | 10.0.2.2 |    0.0.0.0    |   enp0s3  |   UG  |
[0;32m  OK  [0m] Started Timer to automatically refresh installed snaps.
[   30.518670] cloud-init[960]: ci-info: |   1   |   10.0.2.0  | 0.0.0.0  | 255.255.255.0 |   enp0s3  |   U   |
[   30.549789] cloud-init[960]: ci-info: +-------+-------------+----------+---------------+-----------+-------+
[   30.550448] cloud-init[960]: Generating public/private rsa key pair.
         Starting LXD - unix socket.
[   30.550656] cloud-init[960]: Your identification has been saved in /etc/ssh/ssh_host_rsa_key.
[   30.593794] cloud-init[960]: Your public key has been saved in /etc/ssh/ssh_host_rsa_key.pub.
[[0;32m  OK  [0m] Started Daily Cleanup of Temporary Directories.
         [   30.593971] Starting Socket activation for snappy daemon.cloud-init
[960]: The key fingerprint is:
[   30.778961] cloud-init[960]: SHA256:jsmqS6hENHAZgfge1BJ3/WIacSTkYZ4sLL+iJRsgi8Y root@ubuntu-xenial
[[0;32m  OK  [0m] Listening on D-Bus System Message Bus Socket.
[   30.779438] cloud-init[960]: The key's randomart image is:
[   30.872616] cloud-init[960]: +---[RSA 2048]----+
[   30.873240] cloud-init[960]: |o.=*..*o.        |
[[0;32m  OK  [0m] Listening on UUID daemon activation socket.
[[   30.873552] cloud-init[960]: |+.+o.*.+o        |
[   30.892506] cloud-init[960]: | =..o =o .       |
[0;32m  OK  [0m] Reached target Cloud-config availability.
[   30.892697] cloud-init[960]: |. +o .. o .      |
[   30.989636] cloud-init[960]: |oo ..  +S.       |
[[0;32m  OK  [0m] Reached target Network is Online.
[   30.989959] cloud-init[960]: |*o.  o.+         |
[   31.344592] cloud-init[960]: |*E+ . + .        |
[   31.345046] cloud-init[960]: |+B . .           |
         Starting iSCSI initiator daemon (iscsid)...
[   31.345308] cloud-init[960]: |+ oo.            |
[   31.409300] cloud-init[960]: +----[SHA256]-----+
[[0;32m  OK  [0m] Started Daily apt download activities.
[   31.409502] cloud-init[960]: Generating public/private dsa key pair.
[   31.489755] cloud-init[960]: Your identification has been saved in /etc/ssh/ssh_host_dsa_key.
[[0;32m  OK  [0m] Started Daily apt upgrade and clean activities.
[   31.490038] cloud-init[960]: Your public key has been saved in /etc/ssh/ssh_host_dsa_key.pub.
[   31.505573] cloud-init[960]: The key fingerprint is:
[[0;32m  OK  [0m] Reached target Timers.
[   31.505809] cloud-init[960]: SHA256:9fcP8LK3tD/KT8IUplf1rTSVDHg5n71xKfahBLed8yo root@ubuntu-xenial
[   31.601513] cloud-init[960]: The key's randomart image is:
[   31.602003] cloud-init[960]: +---[DSA 1024]----+
[[0;32m  OK  [0m] Listening on LXD - unix socket.
[   31.602274] cloud-init[960]: |            ..+ +|
[   31.644932] cloud-init[960]: |           o = ++|
[[0;32m  OK  [0m] Listening on Socket activation for snappy daemon.
[   31.645134] cloud-init[960]: |          . +oB.B|
[   31.659179] cloud-init[960]: |         . .o*o%o|
[[0;32m  OK  [0m] [   31.673463] Started iSCSI initiator daemon (iscsid).cloud-init
[960]: |        S  .=o* B|
[   31.674504] cloud-init[960]: |            += +.|
[   31.688952] cloud-init[960]: |            .o+o.|
[   31.713256] cloud-init[960]: |            E+=+.|
         Starting Login to default iSCSI targets...
[[0;32m  OK  [0m] Reached target Sockets.
[   31.735692] cloud-init[960]: |            .==++|
[   31.933308] cloud-init[960]: +----[SHA256]-----+
[[0;32m  OK  [0m] Reached target Basic System.
[   31.961702] cloud-init[960]: Generating public/private ecdsa key pair.
[   32.136869] cloud-init[960]: Your identification has been saved in /etc/ssh/ssh_host_ecdsa_key.
[   32.137868] cloud-init[960]: Your public key has been saved in /etc/ssh/ssh_host_ecdsa_key.pub.
         Starting Accounts Service...
[   32.138127] cloud-init[960]: The key fingerprint is:
[   32.544570] cloud-init[960]: SHA256:eJ97gqUjc3NHICKA4YQzDYKxDlfrT3DOHjwcg4juEyo root@ubuntu-xenial
[   32.545185] cloud-init[960]: The key's randomart image is:
[[0;32m  OK  [0m] Started Regular background program processing daemon.
[   32.545478] cloud-init[960]: +---[ECDSA 256]---+
[   32.728594] cloud-init[960]: |BB  .            |
[   32.729155] cloud-init[960]: |Xooo o           |
         Starting Login Service...
[   32.729370] cloud-init[960]: |++o.+ +          |
[   32.824491] cloud-init[960]: |+. ..B.+. .      |
[   32.825022] cloud-init[960]: | +  ..X.S. .     |
         Starting /etc/rc.local Compatibility...
[   32.825196] cloud-init[960]: |o .  + + ....    |
         [   32.966915] cloud-init[960]: |Eo    o  +o.     |
[   32.967440] cloud-init[960]: |. .   o * o.o    |
[   32.967579] cloud-init[960]: |       + +.+     |
[   32.967673] cloud-init[960]: +----[SHA256]-----+
[   32.967765] cloud-init[960]: Generating public/private ed25519 key pair.
[   32.967851] cloud-init[960]: Your identification has been saved in /etc/ssh/ssh_host_ed25519_key.
[   32.967937] cloud-init[960]: Your public key has been saved in /etc/ssh/ssh_host_ed25519_key.pub.
[   32.968037] cloud-init[960]: The key fingerprint is:
Starting LSB: MD monitoring daemon...
[   32.968187] cloud-init[960]: SHA256:RX0yUcDyAbLm9apOM221Sgh6wVZOU51SKwYZt0AP2vg root@ubuntu-xenial
[   33.469077] [cloud-init[0;32m  OK  [0m[960]: ] The key's randomart image is:Started ACPI event daemon.

[   33.552591] [cloud-init[0;32m  OK  [0m[960]: ] +--[ED25519 256]--+Started FUSE filesystem for LXC.

[   33.553547] cloud-init[960]: |       .Bo=*+=.  |
[   33.716610] cloud-init[960]: |       +.@o.O..  |
[   33.772509]          cloud-initStarting System Logging Service...[960]: 
|      o B B+.=   |
[   33.828528] cloud-init[960]: |     . B = o.    |
         Starting LXD - container startup/shutdown...
[   33.829480] cloud-init[960]: |      = E   o    |
[   33.869630] cloud-init[960]: |     o o o o .   |
[   33.889024] [cloud-init[0;32m  OK  [0m[960]: ] |    . . = = .    |Started D-Bus System Message Bus.

[   33.889763] cloud-init[960]: |     . . * .     |
[   33.918855] cloud-init[960]: |       .o .      |
[   33.948212] [cloud-init[0;32m  OK  [0m[960]: ] +----[SHA256]-----+Started Deferred execution scheduler.

         Starting Pollinate to seed the pseudo random number generator...
         Starting Snappy daemon...
         Starting LSB: Record successful boot for GRUB...
         Starting Apply the settings specified in cloud-config...
[[0;32m  OK  [0m] Started Unattended Upgrades Shutdown.
[[0;32m  OK  [0m] Started System Logging Service.
[[0;32m  OK  [0m] Started Snappy daemon.
[[0;32m  OK  [0m] Started /etc/rc.local Compatibility.
[[0;32m  OK  [0m] Started LXD - container startup/shutdown.
[[0;32m  OK  [0m] Started Login to default iSCSI targets.
[[0;32m  OK  [0m] Started Login Service.
[[0;32m  OK  [0m] Started LSB: MD monitoring daemon.
[[0;32m  OK  [0m] Started LSB: Record successful boot for GRUB.
         Starting Authenticate and Authorize Users to Run Privileged Tasks...
[[0;32m  OK  [0m] Reached target Remote File Systems (Pre).
[[0;32m  OK  [0m] Reached target Remote File Systems.
         Starting LSB: daemon to balance interrupts for SMP systems...
         Starting LSB: VirtualBox Linux Additions...
         Starting Permit User Sessions...
         Starting LSB: automatic crash report generation...
         Starting LSB: Set the CPU Frequency Scaling governor to "ondemand"...
[[0;32m  OK  [0m] Started Pollinate to seed the pseudo random number generator.
[[0;32m  OK  [0m] Started Permit User Sessions.
[[0;32m  OK  [0m] Started Authenticate and Authorize Users to Run Privileged Tasks.
[[0;32m  OK  [0m] Started Accounts Service.
[[0;32m  OK  [0m] Started LSB: Set the CPU Frequency Scaling governor to "ondemand".
[[0;32m  OK  [0m] Started LSB: daemon to balance interrupts for SMP systems.
[[0;32m  OK  [0m] Started LSB: automatic crash report generation.
         Starting Terminate Plymouth Boot Screen...
         Starting Hold until boot process finishes up...
         Starting OpenBSD Secure Shell server...
[[0;32m  OK  [0m] Started LSB: VirtualBox Linux Additions.
[[0;32m  OK  [0m] Started Terminate Plymouth Boot Screen.
[[0;32m  OK  [0m] Started Hold until boot process finishes up.
[[0;32m  OK  [0m] Started OpenBSD Secure Shell server.
         Starting Set console scheme...
[[0;32m  OK  [0m] Started Getty on tty1.
[[0;32m  OK  [0m] Started Serial Getty on ttyS0.
[[0;32m  OK  [0m] Reached target Login Prompts.
[[0;32m  OK  [0m] Reached target Multi-User System.
[[0;32m  OK  [0m] Reached target Graphical Interface.
         Starting Update UTMP about System Runlevel Changes...
[[0;32m  OK  [0m] Started Set console scheme.
[[0;32m  OK  [0m] Started Update UTMP about System Runlevel Changes.
[[0;32m  OK  [0m] Created slice User Slice of vagrant.
         Starting User Manager for UID 1000...
[[0;32m  OK  [0m] Started Session 1 of user vagrant.
[[0;32m  OK  [0m] Started User Manager for UID 1000.
[   37.216764] cloud-init[1141]: Generating locales (this might take a while)...
[   39.815933] cloud-init[1141]:   en_US.UTF-8... done
[   39.821463] cloud-init[1141]: Generation complete.
[   40.988968] cloud-init[1141]: Cloud-init v. 17.1 running 'modules:config' at Tue, 06 Feb 2018 14:34:52 +0000. Up 36.69 seconds.
         Stopping User Manager for UID 1000...
[[0;32m  OK  [0m] Started Apply the settings specified in cloud-config.
[[0;32m  OK  [0m] Stopped User Manager for UID 1000.
[[0;32m  OK  [0m] Removed slice User Slice of vagrant.
         Starting Execute cloud user/final scripts...
ci-info: no authorized ssh keys fingerprints found for user ubuntu.
<14>Feb  6 14:34:57 ec2: 
<14>Feb  6 14:34:57 ec2: #############################################################
<14>Feb  6 14:34:57 ec2: -----BEGIN SSH HOST KEY FINGERPRINTS-----
<14>Feb  6 14:34:57 ec2: 1024 SHA256:9fcP8LK3tD/KT8IUplf1rTSVDHg5n71xKfahBLed8yo root@ubuntu-xenial (DSA)
<14>Feb  6 14:34:57 ec2: 256 SHA256:eJ97gqUjc3NHICKA4YQzDYKxDlfrT3DOHjwcg4juEyo root@ubuntu-xenial (ECDSA)
<14>Feb  6 14:34:57 ec2: 256 SHA256:RX0yUcDyAbLm9apOM221Sgh6wVZOU51SKwYZt0AP2vg root@ubuntu-xenial (ED25519)
<14>Feb  6 14:34:57 ec2: 2048 SHA256:jsmqS6hENHAZgfge1BJ3/WIacSTkYZ4sLL+iJRsgi8Y root@ubuntu-xenial (RSA)
<14>Feb  6 14:34:57 ec2: -----END SSH HOST KEY FINGERPRINTS-----
<14>Feb  6 14:34:57 ec2: #############################################################
-----BEGIN SSH HOST KEY KEYS-----
ecdsa-sha2-nistp256 AAAAE2VjZHNhLXNoYTItbmlzdHAyNTYAAAAIbmlzdHAyNTYAAABBBIybHC6rAj4dE2ehXV4Q89bR6jqnKnhTxedb4n+IuzbwkQV3pVupmQoW9GKhrEGwdimOzEGlqCgiNKDoOpv9DaY= root@ubuntu-xenial
ssh-ed25519 AAAAC3NzaC1lZDI1NTE5AAAAIJtBu7IiSiPJ2GRvk5a0CVRJuRNY4XYl9ohCkPuH/STK root@ubuntu-xenial
ssh-rsa AAAAB3NzaC1yc2EAAAADAQABAAABAQCwSgYRlhjgviACEsXgjT/Cz3SOug449TglWBY6YaU0BalYt8kZ3A/G9hASW3Ew0DQgpS/ilwXiUdOTVuHWtLmoWr4BfTNOTt2Szoz82DehvYQaIKZeQ5gBsykhP1UX8V61HSCuLcDcieHhI0YBzP+NRyt2aYohzGyUJXIgejKZybbCMGWqJMtw7yTdZBYadf49WJB4Iu0ah0LrB09602lmqG2RTjRsmEnOqmDQriCchRvnK8HtrnFAobL2P7rjymsS7W3/CXCUJoN6pMcplNYlro4iwM+hsE8yvQHN8EWgOWE7zrzUajsly4Hb1FsOmQnyIr2ph5evSv1WWtSz3Hqf root@ubuntu-xenial
-----END SSH HOST KEY KEYS-----
[   42.419729] cloud-init[1521]: Cloud-init v. 17.1 running 'modules:final' at Tue, 06 Feb 2018 14:34:57 +0000. Up 42.10 seconds.
[   42.420307] cloud-init[1521]: ci-info: no authorized ssh keys fingerprints found for user ubuntu.
[   42.420631] cloud-init[1521]: Cloud-init v. 17.1 finished at Tue, 06 Feb 2018 14:34:57 +0000. Datasource DataSourceNoCloud [seed=/dev/sdb][dsmode=net].  Up 42.40 seconds

Ubuntu 16.04.3 LTS ubuntu-xenial ttyS0

ubuntu-xenial login: 