[  0.0000 Initializing cgroup subsys cpuset
[    0.000000] Initializing cgroup subsys cpu
[    0.000000] Initializing cgroup subsys cpuacct
[    0.000000] Linux version 4.4.0-112-generic (buildd@lgw01-amd64-01) (gcc version 5.4.0 20160609 (Ubuntu 5.4.0-6ubuntu1~16.04.5) ) #135-Ubuntu SMP Fri Jan 19 1:48:36UTC 018 (Uunt 4.40-12135geric .4.98)
[    0.000000] Commad ine: BOT_MAGE=oo/vmlnuz-4..0-112-generic root=LABEL=cloudimg-rootfs ro console=tty1 console=ttyS0
[    0.000000] KNEL supported cpus:
[    0.000000]   Intel GenuineIntel
[    0.00000]   AMDAuheticAD[   .00000]   Ceta CentaurHls
[    0.000] x86/fpu: tae_offet]:  576, xta_sizs[]: 256
  0.00000] x86/fpu: Supporting XSAVE feature 0x01: 'x87 floating point registers'
[    0.000000] x86fpu: Supporting XSAVE feature 0x02: 'SE registers'
[    0.0000000] x86fpu: Supporting XSAVE feature x04:'AVX rgister'[    .000000] x86/pu Enabled xstate features 0x7, context ssie is 832 bytes, using 'standard' forat.
[    0.000000] x86/fpu: Using 'lazy' FPU contextswtches
   00000] e82: OS-provided physical RAM map:
[   .00000BIOS-e820:me 0x0000000000000-00000000009ff] ubl
[    0.000000] BIOS-e820: [mem 0x000000009fc000x00000009ffff] reserved
[    0.000000] BIO-e820 [m 0x00000000f0000-x00000000000fffff] reserved
[    0.000000] BIOS-e820: [em 0x0000000000100000-0x000000003ffeffff] usable
[   .000000] BIOS-e82 [em 0000000ff000-0x00000003fffffff] ACP data
[   .0000] IO-e0: [mem 0x000000ec00000-0x00000fec0ff reseve
[    .0000] BOS820: me0x00000fee0000x000000fe00f] reseed
[    0.000000] BIOS-e820: [mem 0x00000000fffc0000-0x00000000ffffffff] reserved
[    0.000000] NX (Execute Disable) protection: active
[    0.000000] SMBIOS 2.5 present.
[    0.000000] Hypervisor detected: KVM
[    0.000000] e820: last_pfn = 0x3fff0 max_arch_pfn = 0x400000000
[    0.000000] MTRR: Disabled
[    0.000000] x86/PAT: MTRRs disabled, skipping PAT initialization too.
[    0.000000] CPU MTRRs all blnk - virtualized system.
[    0.000000] x86/PAT: Configuration [0-7]: WB  WT  UC- UC  WB  WT  UC- UC  
[    0.000000] foundSMP MP-table at [mem x000ff0-0x09ffffmaped  [fff880009ff0]
    0.000000] Scanning 1 areas for low memory corruption
[    0.000000] RAMDISK: [mem0x36adc000-0x37565fff]
[    0.000000] ACPI: Early table checksum verification disabled[   0.000000 API RSD 00000000000000 004 (v02 OX )
[  .00000]CPI: SD0x000000FFF000 0003 (v0 VX   VBOXSD00000001 ASL  00000061)
[    0.000000] ACPI: FACP 0x000000003FFF00F0 0000F4 (v04 VBOX   VBOXFACP 00000001 ASL  00000061)
[    0.000000] ACPI: DSDT 0x000000003FFF0470 0021FF (v02 VBOX   VBOXBIOS 00000002 INTL 20100528)
[    00000] ACPI: FACS 0x000000003FFF0200 000040
[    0.000000] ACPI: FACS 0x000000003FFF0200 000040
[    0.000000] ACPI: APIC 0x000000003FFF0240 00005C (v02 VBOX   VBOXAPIC 00000001 ASL  000061)
[    0.000000] ACPI: SSDT 0x000000003FFF02A0 0001CC (v01 VBOX   VBOXCPUT 00000002 INTL 20100528)
[    0000000]NoNUMA configuration found
[    0.000000] Faking a node at [mem 0x00000000000000-0x000000003ffeffff]
[    0.000000] NODE_DAA(0) allocated [me0x3ffeb00-0x3ffeffff]
[    00000] vmlock: Using mss 564d01 and 4b564d00
[    0.000000] kvm-clock: cpu 0, msr 0:3ffe3001, primary cpu clock
[    0.000000] kvm-clock: using sched offset of 3342307791 cycles
[    0.000000]clksource: kvm-clock: mask: 0xffffffffffffffff x_cycles: 0x1cd42e4dffb, max_idle_ns: 881590591483 ns
[    0.000000] Zone range:[    0.000000]   DA    [emx000000000100-0x000000fffff
    0.0000]   DM2   [emx0000000001000000-0x000003feffff]
[    0.000000]  Normal   empty
[    0.000000]  Deice   mpty
[    0.00000] Movable zone start for each node
[    0.000000] Early memory node ranges
[    0.000000]   node   0: [mem 0x0000000000001000-0x000000000009efff]
[    .0000]   ne   0: [mem 0x0000000000100000-0x000000003ffeffff]
[    0.000000] Initmem setup node 0 [mem 0x0000000000001000-0x000003ffff]    0.000000] ACPI: PM-Timer IO Port: 0x4008
[    0.000000] IOAPIC[0]: apic_id 2, version 32, address 0xfec00000, GSI 0-23
[    0.000000] ACPI: INT_SRC_OVR (bus 0 bus_irq0 lobal_irq 2 dfl dfl)
[    0.000000 AI: INT_SRC_VRbus 0us_irq 9 global_irq 9 low level)
[    0.000000] Using ACPI (MADT) for SMP configuration information
[    0.000000] smpboot: Allowing 2 CPUs, 0 hotplug CPUs
[    0.000000] PM: Registered nosave memory[mem 0000000x00000fff]
[    0.000000] PM: Registered nosave memory: [mem 0x0009f000-0x0009ffff]
[    0.000000] PM: Registered nosave memory: [mem 0x000a0000-0x000effff]
[    0.000000] PM: Registered nosave memory: [mem 0x000f0000-0x000fffff]
[    0.000000] e82 [em 0x40000-0xfebfff] available for PCI devices
[    0.000000] Booting paravirtualized kernel on KVM
[    0.000000] clocksource: refined-jiffies: mask: 0xfffffffax_cycles:0xffffffmax_idle_: 7645519600211568 ns
[    0.000000] setup_percpu: NR_CPUS:12 nr_cpmaskbits:512 nr_cpu_id:2 r_nodeid:1
[    0.0000] PERCPU: Embedded 34 pages/cpu @ffff88003fc00000 s99544 r8192 d31528 u1048576
[    0.000000] PV qspinlock hash table entries: 256 (order: 0, 4096 bytes)
[    0.000000] Built 1 zonelists in Node order, mobility groing on.  otal pages: 257913
[    0.000000] Poliy one:DM2
[  0000000]Keel commndine:BOOT_IMAGE=/boot/vmlinuz-4.4.0-112-generic root=LABEL=cloudimg-rotfs rocosole=tt1 nsole=tyS
[    00000] PIDhash abe entres4096 (ode 3, 3278 tes)
[   00000] Meory: 100170K/0481K availbl(8499K rnl co, 1309K rwdata, 3988K rodata 1508K ni, 1316Kbs 46380Kreerve,  cmarerved)
[    0.0000] SLUB: HWaig64, Oer0-3,Mibjects0,PUs=2, Nde=1
[  00000 Kerne/Ur page tbl isotion: enabld
[   0000000] Hierarchica R implemnttion.
[    0.000000] 	Build-time adjustment of leaf fanout to 64.
[    0.000000] 	RCU restricting CPUs from NR_CPUS=512 to nr_cpu_ids=2.[    0.000000] RCU: Adjustin gomtryforcu_faouleaf=64, nr_cpu_ids=2[   0.000000] NR_IRQS:33024 nr_irqs:440 16
[    0.000000] onol: lour VA+ 80x25
[    0.000000] console [tty1] enabled
[    0.000000] console [ttyS0] enabled
[  0.000000] tsc: Detected 1600.000 MHz processor
[   10.298761] Calibrating delay loop (skipped) preset value.. 3200.00 BogoMIPS (lpj=6400000)
[   10.434296] pid_max: default: 32768 minimum: 301
[   10.443031] ACPI: Core revision 20150930
[   10.475921] ACPI: 2 ACPI AML tables successfully acquired and loaded
[   10.563142] Security Framework initialized
[   10.607099] Yama: becoming mindful.
[   10.642906] AppArmor: AppArmor initialized
[   10.655641] Dentry cache hash table entries: 131072 (order: 8, 1048576 bytes)
[   10.659791] Inode-cache hash table entries: 65536 (order: 7, 524288 bytes)
[   10.677811] Mount-cache hash table entries: 2048 (order: 2, 16384 bytes)
[   10.735334] Mountpoint-cache hash table entries: 2048 (order: 2, 16384 bytes)
[   10.795836] Initializing cgroup subsys io
[   10.796822] Initializing cgroup subsys memory
[   10.797875] Initializing cgroup subsys devices
[   10.811535] Initializing cgroup subsys freezer
[   10.852197] Initializing cgroup subsys net_cls
[   10.930854] Initializing cgroup subsys perf_event
[   10.987361] Initializing cgroup subsys net_prio
[   10.991369] Initializing cgroup subsys hugetlb
[   11.050832] Initializing cgroup subsys pids
[   11.107096] CPU: Physical Processor ID: 0
[   11.140004] CPU: Processor Core ID: 0
[   11.147398] FEATURE SPEC_CTRL Not Present
[   11.149526] mce: CPU supports 0 MCE banks
[   11.150730] Last level iTLB entries: 4KB 64, 2MB 8, 4MB 8
[   11.175630] Last level dTLB entries: 4KB 64, 2MB 0, 4MB 0, 1GB 4
[   11.269638] Freeing SMP alternatives memory: 32K
[   11.312058] ftrace: allocating 32180 entries in 126 pages
[   11.434994] smpboot: APIC(0) Converting physical 0 to logical package 0
[   11.488563] smpboot: Max logical packages: 1
[   11.490039] x2apic enabled
[   11.491567] Switched APIC routing to physical x2apic.
[   11.561984] ..TIMER: vector=0x30 apic1=0 pin1=2 apic2=-1 pin2=-1
[   11.682742] smpboot: CPU0: Intel(R) Core(TM) i5-5250U CPU @ 1.60GHz (family: 0x6, model: 0x3d, stepping: 0x4)
[   11.815019] Performance Events: unsupported p6 CPU model 61 no PMU driver, software events only.
[   11.845410] KVM setup paravirtual spinlock
[   11.849763] x86: Booting SMP configuration:
[   11.867535] .... node  #0, CPUs:      #1
[   11.879364] kvm-clock: cpu 1, msr 0:3ffe3041, secondary cpu clock
[   11.941287] mce: CPU supports 0 MCE banks
[   11.966412] x86: Booted up 1 node, 2 CPUs
[   11.972493] smpboot: Total of 2 processors activated (6400.00 BogoMIPS)
[   12.010085] devtmpfs: initialized
[   12.045912] evm: security.selinux
[   12.083234] evm: security.SMACK64
[   12.092626] evm: security.SMACK64EXEC
[   12.140350] evm: security.SMACK64TRANSMUTE
[   12.195747] evm: security.SMACK64MMAP
[   12.208745] evm: security.ima
[   12.215398] evm: security.capability
[   12.263457] clocksource: jiffies: mask: 0xffffffff max_cycles: 0xffffffff, max_idle_ns: 7645041785100000 ns
[   12.331772] futex hash table entries: 512 (order: 3, 32768 bytes)
[   12.342220] pinctrl core: initialized pinctrl subsystem
[   12.393248] RTC time: 16:25:14, date: 01/29/18
[   12.437769] NET: Registered protocol family 16
[   12.463556] cpuidle: using governor ladder
[   12.491715] cpuidle: using governor menu
[   12.515906] PCCT header not found.
[   12.517025] ACPI: bus type PCI registered
[   12.526829] acpiphp: ACPI Hot Plug PCI Controller Driver version: 0.5
[   12.528752] PCI: Using configuration type 1 for base access
[   12.567893] ACPI: Added _OSI(Module Device)
[   12.572341] ACPI: Added _OSI(Processor Device)
[   12.619570] ACPI: Added _OSI(3.0 _SCP Extensions)
[   12.673476] ACPI: Added _OSI(Processor Aggregator Device)
[   12.678597] ACPI: Executed 1 blocks of module-level executable AML code
[   12.699982] ACPI: Interpreter enabled
[   12.701101] ACPI: (supports S0 S5)
[   12.702139] ACPI: Using IOAPIC for interrupt routing
[   12.704877] PCI: Using host bridge windows from ACPI; if necessary, use "pci=nocrs" and report a bug
[   12.718709] ACPI: PCI Root Bridge [PCI0] (domain 0000 [bus 00-ff])
[   12.737761] acpi PNP0A03:00: _OSC: OS supports [ASPM ClockPM Segments MSI]
[   12.759292] acpi PNP0A03:00: _OSC: not requesting OS control; OS requires [ExtendedConfig ASPM ClockPM MSI]
[   12.782123] acpi PNP0A03:00: fail to add MMCONFIG information, can't access extended PCI configuration space under this bridge.
[   12.809743] PCI host bridge to bus 0000:00
[   12.823831] pci_bus 0000:00: root bus resource [io  0x0000-0x0cf7 window]
[   12.868536] pci_bus 0000:00: root bus resource [io  0x0d00-0xffff window]
[   12.881588] pci_bus 0000:00: root bus resource [mem 0x000a0000-0x000bffff window]
[   12.883619] pci_bus 0000:00: root bus resource [mem 0x40000000-0xfdffffff window]
[   12.885619] pci_bus 0000:00: root bus resource [bus 00-ff]
[   12.914900] pci 0000:00:01.1: legacy IDE quirk: reg 0x10: [io  0x01f0-0x01f7]
[   12.929934] pci 0000:00:01.1: legacy IDE quirk: reg 0x14: [io  0x03f6]
[   12.932880] pci 0000:00:01.1: legacy IDE quirk: reg 0x18: [io  0x0170-0x0177]
[   12.934768] pci 0000:00:01.1: legacy IDE quirk: reg 0x1c: [io  0x0376]
[   12.961428] pci 0000:00:07.0: quirk: [io  0x4000-0x403f] claimed by PIIX4 ACPI
[   13.005586] pci 0000:00:07.0: quirk: [io  0x4100-0x410f] claimed by PIIX4 SMB
[   13.023053] ACPI: PCI Interrupt Link [LNKA] (IRQs 5 9 10 *11)
[   13.029155] ACPI: PCI Interrupt Link [LNKB] (IRQs 5 9 *10 11)
[   13.043011] ACPI: PCI Interrupt Link [LNKC] (IRQs 5 *9 10 11)
[   13.053834] ACPI: PCI Interrupt Link [LNKD] (IRQs 5 9 10 *11)
[   13.057667] ACPI: Enabled 2 GPEs in block 00 to 07
[   13.070161] vgaarb: setting as boot device: PCI:0000:00:02.0
[   13.087007] vgaarb: device added: PCI:0000:00:02.0,decodes=io+mem,owns=io+mem,locks=none
[   13.110976] vgaarb: loaded
[   13.115998] vgaarb: bridge control possible 0000:00:02.0
[   13.128699] SCSI subsystem initialized
[   13.136282] ACPI: bus type USB registered
[   13.140155] usbcore: registered new interface driver usbfs
[   13.144781] usbcore: registered new interface driver hub
[   13.196979] usbcore: registered new device driver usb
[   13.241952] PCI: Using ACPI for IRQ routing
[   13.258842] NetLabel: Initializing
[   13.311718] NetLabel:  domain hash size = 128
[   13.352989] NetLabel:  protocols = UNLABELED CIPSOv4
[   13.356891] NetLabel:  unlabeled traffic allowed by default
[   13.423010] amd_nb: Cannot enumerate AMD northbridges
[   13.465048] clocksource: Switched to clocksource kvm-clock
[   3.61953] AppArm: pAorilysm abd  4.09787] pnp:PnAC it[   1.467 pnp: PnP ACP fnd dic
[   14.937669] clocksource: acpi_pm: mask: 0xffffff max_cycles: 0xffffff, max_idle_ns: 2085701024 ns
[   15.050415] NET: Registered protocol family 2
[   15.098701] TCP established hash table entries: 8192 (order: 4, 65536 bytes)
[   15.167407] TCP bind hash table entries: 8192 (order: 5, 131072 bytes)
[   15.237160] TCP: Hash tables configured (established 8192 bind 8192)
[   15.302564] UDP hash table entries: 512 (order: 2, 16384 bytes)
[   15.338039] UDP-Lite hash table entries: 512 (order: 2, 16384 bytes)
[   15.340940] NET: Registered protocol family 1
[   15.342305] pci 0000:00:00.0: Limiting direct PCI/PCI transfers
[   15.358046] pci 0000:00:01.0: Activating ISA DMA hang workarounds
[   15.364414] Unpacking initramfs...
[   17.464524] Freeing initrd memory: 10792K
[   17.475139] RAPL PMU detected, API unit is 2^-32 Joules, 4 fixed counters 10737418240 ms ovfl timer
[   17.520273] hw unit of domain pp0-core 2^-0 Joules
[   17.596930] hw unit of domain package 2^-0 Joules
[   17.600627] hw unit of domain dram 2^-0 Joules
[   17.607143] hw unit of domain pp1-gpu 2^-0 Joules
[   17.619391] platform rtc_cmos: registered platform RTC device (no PNP device found)
[   17.621501] Scanning for low memory corruption every 60 seconds
[   17.653528] audit: initializing netlink subsys (disabled)
[   17.657971] audit: type=2000 audit(1517243111.655:1): initialized
[   17.659960] Initialise system trusted keyring
[   17.661997] HugeTLB registered 2 MB page size, pre-allocated 0 pages
[   1.64379zbd: loaded
[   7.1633] VF Disk quotas dquot_6..0
[  1.078] FS Duocae shabe entries: 512 (orer 0, 46 te
[   1.6100] sc: fid C clocksource calibration 19.8 Hz
[   18183]cloksrc tsc: mask: 0xffffffffffffffff max_cycles: 0x170efe41479, max_idle_ns: 440795248924 ns
[   19.694384] squashfs: version 4.0 (2009/01/31) Phillip Lougher
[   19.765348] fuse init (API version 7.23)
[   19.796955] Key type big_key registered
[   19.819287] Allocating IMA MOK and blacklist keyrings.
[   19.887644] Key type asymmetric registered
[   19.894525] Asymmetric key parser 'x509' registered
[   19.895985] Block layer SCSI generic (bsg) driver version 0.4 loaded (major 249)
[   19.970942] io scheduler noop registered
[   20.001951] io scheduler deadline registered (default)
[   20.034128] io scheduler cfq registered
[   20.035400] pci_hotplug: PCI Hot Plug PCI Core version: 0.5
[   20.037110] pciehp: PCI Express Hot Plug Controller Driver version: 0.4
[   20.122556] ACPI: AC Adapter [AC] (on-line)
[   20.143045] input: Power Button as /devices/LNXSYSTM:00/LNXPWRBN:00/input/input0
[   20.223912] ACPI: Power Button [PWRF]
[   20.225498] input: Sleep Button as /devices/LNXSYSTM:00/LNXSLPBN:00/input/input1
[   20.243194] ACPI: Sleep Button [SLPF]
[   20.267557] ACPI: Bate St AT (aterpresen
Pÿ[   20.2750 GHES: HEST is not enabled!

[   20.273662] Serial: 8250/16550 driver, 32 ports, IRQ sharing enabled
[   20.722036] 00:02: ttyS0 at I/O 0x3f8 (irq = 4, base_baud = 115200) is a 16550A
[   20.806560] Linux agpgart interface v0.103
[   20.854763] loop: module loaded
[   20.855547] scsi host0: ata_piix
[   20.855634] scsi host1: ata_piix
[   20.855683] ata1: PATA max UDMA/33 cmd 0x1f0 ctl 0x3f6 bmdma 0xd000 irq 14
[   20.855685] ata2: PATA max UDMA/33 cmd 0x170 ctl 0x376 bmdma 0xd008 irq 15
[   20.855836] libphy: Fixed MDIO Bus: probed
[   20.855838] tun: Universal TUN/TAP device driver, 1.6
[   20.855839] tun: (C) 1999-2004 Max Krasnyansky <maxk@qualcomm.com>
[   20.855933] PPP generic driver version 2.4.2
[   20.856002] ehci_hcd: USB 2.0 'Enhanced' Host Controller (EHCI) Driver
[   20.856007] ehci-pci: EHCI PCI platform driver
[   20.856027] ehci-platform: EHCI generic platform driver
[   20.856038] ohci_hcd: USB 1.1 'Open' Host Controller (OHCI) Driver
[   20.856042] ohci-pci: OHCI PCI platform driver
[   20.856053] ohci-platform: OHCI generic platform driver
[   20.856062] uhci_hcd: USB Universal Host Controller Interface driver
[   20.856135] i8042: PNP: PS/2 Controller [PNP0303:PS2K,PNP0f03:PS2M] at 0x60,0x64 irq 1,12
[   20.868508] serio: i8042 KBD port at 0x60,0x64 irq 1
[   20.868517] serio: i8042 AUX port at 0x60,0x64 irq 12
[   20.868731] mousedev: PS/2 mouse device common for all mice
[   20.869255] rtc_cmos rtc_cmos: rtc core: registered rtc_cmos as rtc0
[   20.869346] rtc_cmos rtc_cmos: alarms up to one day, 114 bytes nvram
[   20.869356] i2c /dev entries driver
[   20.869441] device-mapper: uevent: version 1.0.3
[   20.869523] device-mapper: ioctl: 4.34.0-ioctl (2015-10-28) initialised: dm-devel@redhat.com
[   20.869547] ledtrig-cpu: registered to indicate activity on CPUs
[   20.870028] NET: Registered protocol family 10
[   20.870246] NET: Registered protocol family 17
[   20.870259] Key type dns_resolver registered
[   20.870711] microcode: CPU0 sig=0x306d4, pf=0x40, revision=0x0
[   20.870723] microcode: CPU1 sig=0x306d4, pf=0x40, revision=0x0
[   20.870813] microcode: Microcode Update Driver: v2.01 <tigran@aivazian.fsnet.co.uk>, Peter Oruba
[   20.870997] registered taskstats version 1
[   20.871014] Loading compiled-in X.509 certificates
[   20.872119] Loaded X.509 cert 'Build time autogenerated kernel key: 4c603087bab8f0a02cb3b4e1fb4c40f507e71ef1'
[   20.872251] zswap: loaded using pool lzo/zbud
[   20.874442] Key type trusted registered
[   20.877871] Key type encrypted registered
[   20.877879] AppArmor: AppArmor sha1 policy hashing enabled
[   20.877883] ima: No TPM chip found, activating TPM-bypass!
[   20.877904] evm: HMAC attrs: 0x1
[   20.878369]   Magic number: 2:221:440
[   20.878387] clockevents broadcast: hash matches
[   20.953577] rtc_cmos rtc_cmos: setting system clock to 2018-01-29 16:25:23 UTC (1517243123)
[   20.953756] BIOS EDD facility v0.16 2004-Jun-25, 0 devices found
[   20.953756] EDD information not available.
[   20.986484] input: AT Translated Set 2 keyboard as /devices/platform/i8042/serio0/input/input2
[   22.355480] Freeing unused kernel memory: 1508K
[   22.359208] Write protecting the kernel read-only data: 14336k
[   22.375810] Freeing unused kernel memory: 1728K
[   22.380251] Freeing unused kernel memory: 108K
Loading, please wait...
starting version[   22.440136] random: systemd-udevd: uninitialized urandom read (16 bytes read, 7 bits of entropy available)
 229
[   22.441550] random: udevadm: uninitialized urandom read (16 bytes read, 7 bits of entropy available)
[   22.441595] random: udevadm: uninitialized urandom read (16 bytes read, 7 bits of entropy available)
[   22.462853] random: udevadm: uninitialized urandom read (16 bytes read, 7 bits of entropy available)
[   22.462949] random: udevadm: uninitialized urandom read (16 bytes read, 7 bits of entropy available)
[   22.463271] random: udevadm: uninitialized urandom read (16 bytes read, 7 bits of entropy available)
[   22.463398] random: udevadm: uninitialized urandom read (16 bytes read, 7 bits of entropy available)
[   22.463519] random: udevadm: uninitialized urandom read (16 bytes read, 7 bits of entropy available)
[   22.463643] random: udevadm: uninitialized urandom read (16 bytes read, 7 bits of entropy available)
[   22.463767] random: udevadm: uninitialized urandom read (16 bytes read, 7 bits of entropy available)
[   23.531588] e1000: Intel(R) PRO/1000 Network Driver - version 7.3.21-k8-NAPI
[   23.534890] e1000: Copyright (c) 1999-2006 Intel Corporation.
[   23.547841] Fusion MPT base driver 3.04.20
[   23.586974] Copyright (c) 1999-2008 LSI Corporation
[   23.707403] Fusion MPT SPI Host driver 3.04.20
[   23.737562] AVX2 version of gcm_enc/dec engaged.
[   23.745377] AES CTR mode by8 optimization enabled
[   23.931321] input: ImExPS/2 Generic Explorer Mouse as /devices/platform/i8042/serio1/input/input4
[   24.080562] e1000 0000:00:03.0 eth0: (PCI:33MHz:32-bit) 02:db:14:78:b4:e6
[   24.679194] e1000 0000:00:03.0 eth0: Intel(R) PRO/1000 Network Connection
[   25.147258] e1000 0000:00:08.0 eth1: (PCI:33MHz:32-bit) 08:00:27:81:b9:a8
[   26.194793] e1000 0000:00:08.0 eth1: Intel(R) PRO/1000 Network Connection
[   26.222931] mptbase: ioc0: Initiating bringup
[   26.223239] e1000 0000:00:08.0 enp0s8: renamed from eth1
[   26.315744] e1000 0000:00:03.0 enp0s3: renamed from eth0
[   26.422094] ioc0: LSI53C1030 A0: Capabilities={Initiator}
[   26.605302] scsi host2: ioc0: LSI53C1030 A0, FwRev=00000000h, Ports=1, MaxQ=256, IRQ=20
[   26.721127] floppy0: no floppy controllers found
[   26.818197] scsi 2:0:0:0: Direct-Access     VBOX     HARDDISK         1.0  PQ: 0 ANSI: 5
[   26.961945] scsi target2:0:0: Beginning Domain Validation
[   26.966286] scsi target2:0:0: Domain Validation skipping write tests
[   27.016332] scsi target2:0:0: Ending Domain Validation
[   27.027955] scsi target2:0:0: asynchronous
[   27.030082] scsi 2:0:1:0: Direct-Access     VBOX     HARDDISK         1.0  PQ: 0 ANSI: 5
[   27.091308] scsi target2:0:1: Beginning Domain Validation
[   27.110021] scsi target2:0:1: Domain Validation skipping write tests
[   27.131014] scsi target2:0:1: Ending Domain Validation
[   27.192002] scsi target2:0:1: asynchronous
[   27.245749] sd 2:0:0:0: Attached scsi generic sg0 type 0
[   27.271749] sd 2:0:0:0: [sda] 20971520 512-byte logical blocks: (10.7 GB/10.0 GiB)
[   27.284910] sd 2:0:1:0: Attached scsi generic sg1 type 0
[   27.285709] sd 2:0:0:0: [sda] Write Protect is off
[   27.285875] sd 2:0:0:0: [sda] Incomplete mode parameter data
[   27.285876] sd 2:0:0:0: [sda] Assuming drive cache: write through
[   27.337593] sd 2:0:1:0: [sdb] 20480 512-byte logical blocks: (10.5 MB/10.0 MiB)
[   27.337842] sd 2:0:1:0: [sdb] Write Protect is off
[   27.337941] sd 2:0:1:0: [sdb] Incomplete mode parameter data
[   27.337942] sd 2:0:1:0: [sdb] Assuming drive cache: write through
[   27.340076]  sda: sda1
[   27.341133] sd 2:0:1:0: [sdb] Attached SCSI disk
[   27.341313] sd 2:0:0:0: [sda] Attached SCSI disk
Begin: Loading e[   29.274117] md: linear personality registered for level -1
ssential drivers ... [   29.296883] md: multipath personality registered for level -4
[   29.329919] md: raid0 personality registered for level 0
[   29.345617] md: raid1 personality registered for level 1
[   29.417229] raid6: sse2x1   gen()  5693 MB/s
[   29.537285] raid6: sse2x1   xor()  5355 MB/s
[   29.657086] raid6: sse2x2   gen()  8992 MB/s
[   29.773121] raid6: sse2x2   xor()  6458 MB/s
[   29.885304] raid6: sse2x4   gen() 11099 MB/s
[   29.993276] raid6: sse2x4   xor()  8129 MB/s
[   30.113091] raid6: avx2x1   gen() 13614 MB/s
[   30.213620] raid6: avx2x2   gen() 17906 MB/s
[   30.317259] raid6: avx2x4   gen() 18184 MB/s
[   30.359359] raid6: using algorithm avx2x4 gen() 18184 MB/s
[   30.377223] raid6: using avx2x2 recovery algorithm
[   30.435125] xor: automatically using best checksumming function:
[   30.541190]    avx       : 17282.000 MB/sec
[   30.572309] async_tx: api initialized (async)
[   30.645831] md: raid6 personality registered for level 6
[   30.707103] md: raid5 personality registered for level 5
[   30.753209] md: raid4 personality registered for level 4
[   30.776105] md: raid10 personality registered for level 10
done.
Begin: Running /scripts/init-premount ... done.
Begin: Mounti[   30.889719] Btrfs loaded
ng root file system ... Begin: Running /scripts/local-top ... done.
Begin: Running /scripts/local-premount ... Scanning for Btrfs filesystems
done.
Warning: fsck not present, so sk[   30.955515] EXT4-fs (sda1): mounted filesystem with ordered data mode. Opts: (null)
ipping root file system
done.
Begin: Running /scripts/local-bottom ... done.
Begin: Running /scripts/init-bottom ... done.
[   31.201424] systemd[1]: systemd 229 running in system mode. (+PAM +AUDIT +SELINUX +IMA +APPARMOR +SMACK +SYSVINIT +UTMP +LIBCRYPTSETUP +GCRYPT +GNUTLS +ACL +XZ -LZ4 +SECCOMP +BLKID +ELFUTILS +KMOD -IDN)
[   31.308434] systemd[1]: Detected virtualization oracle.
[   31.369822] systemd[1]: Detected architecture x86-64.

Welcome to [1mUbuntu 16.04.3 LTS[0m!

[ 31476] systemd[1]: Set hstnametoubtu

[   31.932714] systemd[1]: Initializing machine ID from random generator.
[   31.943870] systemd[1]: Installed transient /etc/machine-id file.
[   32.081870] random: nonblocking pool is initialized
[   32.193458] systemd[1]: Reached target User and Group Name Lookups.
[[0;32m  OK  [0m] Reached target User and Group Name Lookups.
[ 32347]ysmd[1]: Listening on LVM2 poll daemon socket.

[[0;32m  OK  [0m] Listening on LVM2 poll daemon socket.
[ 32.541752] systemd[1]: Started Forward Password Requests to Wall Directory Watch.
[[0;32m  OK  [0m] Started Forward Password Requests to Wall Directory Watch.
[   3.657934 systemd[1]:Liening on Jounal Socket.

[[0;32m  OK  [0m] Listening on Journal Socket.
[   32.839364] systemd[1]: Listening on Device-mapper event daemon FIFOs.
[[0;32m  OK  [0m] Listening on Device-mapper event daemon FIFOs.
[   32.855737] systemd[1]: Listening on Journal Audit Socket.
[[0;32m  OK  [0m] Listening on Journal Audit Socket.
[   32.866116] systemd[1]: Listening on udev Control Socket.
[[0;32m  OK  [0m] Listening on udev Control Socket.
[  32.9121sytemd[1] Cat sceseanSeioSle.
[[0;32m  OK  [0m] Created slice User and Session Slice.
[ 3310759] systmd]:istening on Syslog Socket.

[[0;32m  OK  [0m] Listening on Syslog Socket.
[   4.013625] sysmd]:isni o/d/iittlCopabily Named Pie.
[[0;32m  OK  [0m] Listening on /dev/initctl Compatibility Named Pipe.
[   34.74580]ysmd]:Lieng  L2 etadata aem sck.
[[0;32m  OK  [0m] Listening on LVM2 metadata daemon socket.
[   35.447420] systemd[1]: Reached target Encrypted Volumes.
[[0;32m  OK  [0m] Reached target Encrypted Volumes.
[  5.049] sytemd[1]: Lieningonoualoct delo.
[[0;32m  OK  [0m] Listening on Journal Socket (/dev/log).
[ 361785syted[: Setuputmount Arbitrary ExecutableFile Formts File ysm utou Pnt
[[0;32m  OK  [0m] Set up automount Arbitrary Executab...ats File System Automount Point.
[ 37017756 ste[1 Rch trg Sap

[[0;32m  OK  [0m] Reached target Swap.
[  37.56169] systemd[1]: Liteing on dev Kernel Socket.

[[0;32m  OK  [0m] Listening on udev Kernel Socket.
[   37.742285] systemd[1]: Started Trigger resolvconf update for networkd DNS.
[[0;32m  OK  [0m] Started Trigger resolvconf update for networkd DNS.
[   37.81013] systemd1]Crte sceysm ic
[[0;32m  OK  [0m] Created slice System Slice.
[   38.345765] systemd[1]: Mounting Debug File System...
         Mounting Debug File System...
[   38.437694] systemd[1]: Reached target Slices.
[[0;32m  OK  [0m] Reached target Slices.
[   38.509809] systemd[1]: Starting Load Kernel Modules...
         Starting Load Kernel Modules...
[   38.562242] Loading iSCSI transport class v2.0-870.
[   38.562944] systemd[1]: Starting Nameserver information manager...
         Starting Nameserver information manager...
[   38.603747] systemd[1]: Starting Journal Service...
         Starting Journal[   38.626440] iscsi: registered transport (tcp)
 Service...
[   38.661714] systemd[1]: Starting Create list of required static device nodes for the current kernel...
[   38.689791] iscsi: registered transport (iser)
         Starting Create list of required st... nodes for the current kernel...
[   38.802032] systemd[1]: Starting Set console keymap...
         Starting Set console keymap...
[   38.882497] systemd[1]: Mounting Huge Pages File System...
         Mounting Huge Pages File System...
[   38.893703] systemd[1]: Starting Uncomplicated firewall...
         Starting Uncomplicated firewall...
[   38.981307] systemd[1]: Mounting POSIX Message Queue File System...
         Mounting POSIX Message Queue File System...
[   39.126146] systemd[1]: Starting Remount Root and Kernel File Systems...
         [   39.155156] EXT4-fs (sda1): re-mounted. Opts: (null)
Starting Remount Root and Kernel File Systems...
[   39.217417] systemd[1]: Starting Monitoring of LVM2 mirrors, snapshots etc. using dmeventd or progress polling...
         Starting Monitoring of LVM2 mirrors... dmeventd or progress polling...
[   33639 sted[]: Ceated slice system-seia\x2dgett.sce.
[[0;32m  OK  [0m] Created slice system-serial\x2dgetty.slice.
[   40.599507] sstd[1] Mnt PSIMeage Queue File System.

[[0;32m  OK  [0m] Mounted POSIX Message Queue File System.
[   41.011346] systemd[1]: Mounted Debug File System.
[[0;32m  OK  [0m] Mounted Debug File System.
[   41.016900] systemd[1]: Mounted Huge Pages File System.
[[0;32m  OK  [0m] Mounted Huge Pages File System.
[  41.056908] sstd[: artedoualeric
[[0;32m  OK  [0m] Started Journal Service.
[[0;32m  OK  [0m] Started Load Kernel Modules.
[[0;32m  OK  [0m] Started Create list of required sta...ce nodes for the current kernel.
[[0;32m  OK  [0m] Started Set console keymap.
[[0;32m  OK  [0m] Started Uncomplicated firewall.
[[0;32m  OK  [0m] Started Remount Root and Kernel File Systems.
[[0;32m  OK  [0m] Started Nameserver information manager.
[[0;32m  OK  [0m] Started LVM2 metadata daemon.
         Starting Initial cloud-init job (pre-networking)...
         Starting udev Coldplug all Devices...
         Starting Load/Save Random Seed...
         Starting Create Static Device Nodes in /dev...
         Starting Apply Kernel Variables...
         Mounting FUSE Control File System...
         Starting Flush Journal to Persistent Storage...
[[0;32m  OK  [0m] Mounted FUSE Control File System.
[[0;32m  OK  [0m] Started Monitoring of LVM2 mirrors,...ng dmeventd or progress polling.
[[0;32m  OK  [0m] Started Load/Save Random Seed.
[[0;32m  OK  [0m] Started Create Static Device Nodes in /dev.
[[0;32m  OK  [0m] Started Apply Kernel Variables.
[[0;32m  OK  [0m] Started udev Coldplug all Devices.
[[0;32m  OK  [0m] Started Flush Journal to Persistent Storage.
         Starting udev Kernel Device Manager...
[[0;32m  OK  [0m] Started udev Kernel Device Manager.
[[0;32m  OK  [0m] Started Dispatch Password Requests to Console Directory Watch.
[[0;32m  OK  [0m] Reached target Local File Systems (Pre).
[[0;32m  OK  [0m] Reached target Local File Systems.
         Starting Tell Plymouth To Write Out Runtime Data...
         Starting Commit a transient machine-id on disk...
         Starting Set console font and keymap...
         Starting LSB: AppArmor initialization...
         Starting Create Volatile Files and Directories...
[[0;32m  OK  [0m] Started Tell Plymouth To Write Out Runtime Data.
[[0;32m  OK  [0m] Started Commit a transient machine-id on disk.
[[0;32m  OK  [0m] Started Create Volatile Files and Directories.
[[0;32m  OK  [0m] Reached target System Time Synchronized.
         Starting Update UTMP about System Boot/Shutdown...
[[0;32m  OK  [0m] Started Update UTMP about System Boot/Shutdown.
[[0;32m  OK  [0m] Found device /dev/ttyS0.
[[0;1;31mFAILED[0m] Failed to start Set console font and keymap.
See 'systemctl status console-setup.service' for details.
[[0;32m  OK  [0m] Listening on Load/Save RF Kill Switch Status /dev/rfkill Watch.
[   31.381426] cloud-init[445]: Cloud-init v. 17.1 running 'init-local' at Mon, 29 Jan 2018 16:25:46 +0000. Up 30.54 seconds.
[[0;32m  OK  [0m] Created slice system-getty.slice.
[[0;32m  OK  [0m] Started LSB: AppArmor initialization.
[[0;32m  OK  [0m] Started Initial cloud-init job (pre-networking).
[[0;32m  OK  [0m] Reached target Network (Pre).
         Starting Raise network interfaces...
[[0;32m  OK  [0m] Started Raise network interfaces.
         Starting Initial cloud-init job (metadata service crawler)...
[[0;32m  OK  [0m] Reached target Network.
[   34.591173] cloud-init[922]: Cloud-init v. 17.1 running 'init' at Mon, 29 Jan 2018 16:25:49 +0000. Up 33.70 seconds.
[   34.656680] cloud-init[922]: ci-info: ++++++++++++++++++++++++++++++++++++++Net device info++++++++++++++++++++++++++++++++++++++
[[0;32m  OK  [0m] Started Initial cloud-init job (metadata service crawler).
[   34.657015] cloud-init[922]: ci-info: +--------+-------+----------------------------+---------------+-------+-------------------+
[   34.904960] cloud-init[922]: ci-info: | Device |   Up  |          Address           |      Mask     | Scope |     Hw-Address    |
[   34.905427] cloud-init[922]: ci-info: +--------+-------+----------------------------+---------------+-------+-------------------+
[[0;32m  OK  [0m] Reached target System Initialization.
[   34.905661] cloud-init[922]: ci-info: | enp0s3 |  True |         10.0.2.15          | 255.255.255.0 |   .   | 02:db:14:78:b4:e6 |
[   35.229436] cloud-init[922]: ci-info: | enp0s3 |  True | fe80::db:14ff:fe78:b4e6/64 |       .       |  link | 02:db:14:78:b4:e6 |
[   35.230071] cloud-init[922]: ci-info: | enp0s8 | False |             .              |       .       |   .   | 08:00:27:81:b9:a8 |
[[0;32m  OK  [0m] Listening on ACPID Listen Socket.
[   35.230205] cloud-init[922]: ci-info: |   lo   |  True |         127.0.0.1          |   255.0.0.0   |   .   |         .         |
[   35.427732] cloud-init[922]: ci-info: |   lo   |  True |          ::1/128           |       .       |  host |         .         |
[[0;32m  OK  [0m] Listening on D-Bus System Message Bus Socket.
[[   35.428033] cloud-init[922]: ci-info: +--------+-------+----------------------------+---------------+-------+-------------------+
[   35.567992] cloud-init[922]: ci-info: +++++++++++++++++++++++++++Route IPv4 info++++++++++++++++++++++++++++
[0;32m  OK  [0m] Started Daily Cleanup of Temporary Directories.
[   35.568199] cloud-init[922]: ci-info: +-------+-------------+----------+---------------+-----------+-------+
[   35.701924] cloud-init[922]: ci-info: | Route | Destination | Gateway  |    Genmask    | Interface | Flags |
[   35.702483] cloud-init[922]: ci-info: +-------+-------------+----------+---------------+-----------+-------+
[[0;32m  OK  [0m] Started Timer to automatically refresh installed snaps.
         Starting Socket activation for snappy daemon.
[   35.702727] cloud-init[922]: ci-info: |   0   |   0.0.0.0   | 10.0.2.2 |    0.0.0.0    |   enp0s3  |   UG  |
[   35.933393] cloud-init[922]: ci-info: |   1   |   10.0.2.0  | 0.0.0.0  | 255.255.255.0 |   enp0s3  |   U   |
[   35.934095] cloud-init[922]: ci-info: +-------+-------------+----------+---------------+-----------+-------+
[[0;32m  OK  [0m] Started ACPI Events Check.
[   35.934678] cloud-init[922]: Generating public/private rsa key pair.
[   36.073243] cloud-init[922]: Your identification has been saved in /etc/ssh/ssh_host_rsa_key.
[[0;32m  OK  [0m] Reached target Paths.
[   36.073560] cloud-init[922]: Your public key has been saved in /etc/ssh/ssh_host_rsa_key.pub.
[   36.221006] cloud-init[922]: The key fingerprint is:
[   36.221665] cloud-init[922]: SHA256:oNTD5KyFfv1fVD1pqdCyWAq4SZYYKYvP7mmp55XvvUg root@ubuntu-xenial
         Starting LXD - unix socket.
[[   36.221893] cloud-init[922]: The key's randomart image is:
[   36.294407] cloud-init[922]: +---[RSA 2048]----+
[   36.294738] cloud-init[922]: |   .. .          |
[   36.295114] cloud-init[922]: | . .oBo     .   +|
[0;32m  OK  [0m] Listening on UUID daemon activation socket.
[[   36.295456] cloud-init[922]: |. o.o=O.   + . =o|
[   36.478112] cloud-init[922]: |.. oo+o+. + + o..|
[0;32m  OK  [0m] Reached target Cloud-config availability.
[   36.478211] cloud-init[922]: | o  +o. So . ..  |
[   36.533461] cloud-init[922]: |  o  o   .   .   |
[[0;32m  OK  [0m] Reached target Network is Online.
[   36.533678] cloud-init[922]: | . .o E   .   .  |
[   36.546588] cloud-init[922]: |  =o o o   . .   |
[   36.576665] cloud-init[922]: |.*+  .+ o.  .    |
[   36.577162] cloud-init[922]: +----[SHA256]-----+
         Starting iSCSI initiator daemon (iscsid)...
[[   36.577489] cloud-init[922]: Generating public/private dsa key pair.
[   36.677708] cloud-init[922]: Your identification has been saved in /etc/ssh/ssh_host_dsa_key.
[   36.677922] cloud-init[922]: Your public key has been saved in /etc/ssh/ssh_host_dsa_key.pub.
[   36.678168] cloud-init[922]: The key fingerprint is:
[   36.678425] cloud-init[922]: SHA256:jFhmM9HsVBAJTnow7yiBnNBFmh0sjLnBni8/SR6Wi0U root@ubuntu-xenial
[   36.678663] cloud-init[922]: The key's randomart image is:
[   36.678912] cloud-init[922]: +---[DSA 1024]----+
[   36.679161] cloud-init[922]: |o= +* ++o=.      |
[   36.679406] cloud-init[922]: |*o=+.O .=        |
[   36.679655] cloud-init[922]: |o==.o Xo         |
[   36.679904] cloud-init[922]: |.o E O =.        |
[0;32m  OK  [0m] Started Daily apt download activities.
[[   36.680250] cloud-init[922]: |  + + o S        |
[   36.797205] cloud-init[922]: | . O             |
[0;32m  OK  [0m] Started Daily apt upgrade and clean activities.
[   36.797346] cloud-init[922]: |  O +            |
[[0;32m  OK  [0m] Reached target Timers.
[   36.892240] cloud-init[922]: | . *             |
[   36.981130] cloud-init[922]: |    .            |
[   36.981759] cloud-init[922]: +----[SHA256]-----+
[[0;32m  OK  [0m] Listening on Socket activation for snappy daemon.
[   36.982144] cloud-init[922]: [Generating public/private ecdsa key pair.[0;32m  OK  [0m
] Listening on LXD - unix socket.
[   37.144785] cloud-init[922]: Your identification has been saved in /etc/ssh/ssh_host_ecdsa_key.
[   37.276951] cloud-init[922]: Your public key has been saved in /etc/ssh/ssh_host_ecdsa_key.pub.
[   37.516575] cloud-init[922]: The key fingerprint is:
[   37.559195] cloud-init[922]: SHA256:vZkiql6/CZegaITQnfqdGLztzzKUUu2aexPEmLfzT9o root@ubuntu-xenial
[   37.613577] cloud-init[922]: The key's randomart image is:
[[0;32m  OK  [0m] Started iSCSI initiator daemon (iscsid).
[   37.686247] cloud-init[922]: +---[ECDSA 256]---+
[   37.724507] cloud-init[922]: |                 |
[   37.733553] cloud-init[922]: | . . .           |
[   37.747137] cloud-init[922]: |. . o  =         |
         Starting Login to default iSCSI targets...
[   37.780993] [cloud-init[0;32m  OK  [0m[922]: ] |o  o  + =.       |Reached target Sockets.

[   37.924826] [cloud-init[0;32m  OK  [0m[922]: ] |... +. =S..      |Reached target Basic System.

[   37.925606] [cloud-init[0;32m  OK  [0m[922]: ] |.. o.Boo=  +     |Started Unattended Upgrades Shutdown.

[   37.973535] cloud-init[922]: |... *oBo.++ .    |
[   38.014075] cloud-init[922]: |.  . *=+o..+     |
[   38.048688]          cloud-initStarting /etc/rc.local Compatibility...[922]: 
| .o.. *Bo...E    |
[   38.049448] cloud-init[922]: +----[SHA256]-----+
[   38.125405]          cloud-initStarting Accounts Service...[922]: 
Generating public/private ed25519 key pair.
[   38.160703]          cloud-initStarting LSB: Record successful boot for GRUB...[922]: 
Your identification has been saved in /etc/ssh/ssh_host_ed25519_key.
[   38.179799] [cloud-init[0;32m  OK  [0m[922]: ] Your public key has been saved in /etc/ssh/ssh_host_ed25519_key.pub.Started D-Bus System Message Bus.

[   38.260543]          cloud-initStarting System Logging Service...[922]: 
The key fingerprint is:
[   38.261427] cloud-init[922]: SHA256:7M5TpTY91wdYU4kg4cKfOFZ+3JvVZcUocX43a/1pxvk root@ubuntu-xenial
[   38.356866] [cloud-init[0;32m  OK  [0m[922]: ] The key's randomart image is:Started Regular background program processing daemon.

[   38.357643] cloud-init[922]: +--[ED25519 256]--+
[   38.453806] [cloud-init[0;32m  OK  [0m[922]: ] |         o..o.o++|Started Deferred execution scheduler.

[   38.454585] cloud-init[922]: |      . . . .++.o|
[   38.584977]          cloud-initStarting Apply the settings specified in cloud-config...[922]: 
|       o o   +.o=|
[   38.647211]          Starting Login Service...
cloud-init[922]: |       .* o + .oB|
[   38.650389] cloud-init[922]: |       +S+ * . *o|
[   38.654288] cloud-init[922]: |      ... * o B *|
[   38.661389] cloud-init[922]: |        .o . = *o|         Starting Snappy daemon...

         Starting Pollinate to seed the pseudo random number generator...
         Starting LXD - container startup/shutdown...
[   38.667579] [[0;32m  OK  [0m] Started ACPI event daemon.
         Starting LSB: MD monitoring daemon...
[[0;32m  OK  [0m] Started FUSE filesystem for LXC.
[[0;32m  OK  [0m] Started System Logging Service.
cloud-init[922]: |       o.     o .|
[[0;32m  OK  [0m] Started /etc/rc.local Compatibility.
[   38.713647] cloud-init[922]: |        o.      E|
[   38.724975] cloud-init[922]: +----[SHA256]-----+
[[0;32m  OK  [0m] Started Login to default iSCSI targets.
[[0;32m  OK  [0m] Started LSB: Record successful boot for GRUB.
[[0;32m  OK  [0m] Started LXD - container startup/shutdown.
[[0;32m  OK  [0m] Started LSB: MD monitoring daemon.
         Starting Authenticate and Authorize Users to Run Privileged Tasks...
[[0;32m  OK  [0m] Reached target Remote File Systems (Pre).
[[0;32m  OK  [0m] Reached target Remote File Systems.
         Starting LSB: daemon to balance interrupts for SMP systems...
         Starting LSB: VirtualBox Linux Additions...
         Starting LSB: automatic crash report generation...
         Starting LSB: Set the CPU Frequency Scaling governor to "ondemand"...
         Starting Permit User Sessions...
[[0;32m  OK  [0m] Started Snappy daemon.
[[0;32m  OK  [0m] Started Permit User Sessions.
[[0;32m  OK  [0m] Started Login Service.
[[0;32m  OK  [0m] Started Authenticate and Authorize Users to Run Privileged Tasks.
[[0;32m  OK  [0m] Started Accounts Service.
         Starting Hold until boot process finishes up...
         Starting Terminate Plymouth Boot Screen...
[[0;32m  OK  [0m] Started LSB: Set the CPU Frequency Scaling governor to "ondemand".
[[0;32m  OK  [0m] Started Hold until boot process finishes up.
[[0;32m  OK  [0m] Started LSB: automatic crash report generation.
[[0;32m  OK  [0m] Started LSB: daemon to balance interrupts for SMP systems.
[[0;32m  OK  [0m] Started Pollinate to seed the pseudo random number generator.
[[0;32m  OK  [0m] Started LSB: VirtualBox Linux Additions.
[[0;32m  OK  [0m] Started Terminate Plymouth Boot Screen.
         Starting OpenBSD Secure Shell server...
         Starting Set console scheme...
[[0;32m  OK  [0m] Started Serial Getty on ttyS0.
[[0;32m  OK  [0m] Started Getty on tty1.
[[0;32m  OK  [0m] Reached target Login Prompts.
[[0;32m  OK  [0m] Started OpenBSD Secure Shell server.
[[0;32m  OK  [0m] Started Set console scheme.
[[0;32m  OK  [0m] Reached target Multi-User System.
[[0;32m  OK  [0m] Reached target Graphical Interface.
         Starting Update UTMP about System Runlevel Changes...
[   40.021795] cloud-init[1051]: Generating locales (this might take a while)...
[[0;32m  OK  [0m] Created slice User Slice of vagrant.
         Starting User Manager for UID 1000...
[[0;32m  OK  [0m] Started Update UTMP about System Runlevel Changes.
[[0;32m  OK  [0m] Started Session 1 of user vagrant.
[[0;32m  OK  [0m] Started User Manager for UID 1000.
[   41.484615] cloud-init[1051]:   en_US.UTF-8... done
[   41.508664] cloud-init[1051]: Generation complete.
[   42.082741] cloud-init[1051]: Cloud-init v. 17.1 running 'modules:config' at Mon, 29 Jan 2018 16:25:55 +0000. Up 39.73 seconds.
[[0;32m  OK  [0m] Started Apply the settings specified in cloud-config.
         Starting Execute cloud user/final scripts...
         Stopping User Manager for UID 1000...
[[0;32m  OK  [0m] Stopped User Manager for UID 1000.
[[0;32m  OK  [0m] Removed slice User Slice of vagrant.
[[0;32m  OK  [0m] Created slice User Slice of vagrant.
         Starting User Manager for UID 1000...
[[0;32m  OK  [0m] Started User Manager for UID 1000.
[[0;32m  OK  [0m] Started Session 2 of user vagrant.
ci-info: no authorized ssh keys fingerprints found for user ubuntu.
<14>Jan 29 16:25:58 ec2: 
<14>Jan 29 16:25:58 ec2: #############################################################
<14>Jan 29 16:25:58 ec2: -----BEGIN SSH HOST KEY FINGERPRINTS-----
<14>Jan 29 16:25:58 ec2: 1024 SHA256:jFhmM9HsVBAJTnow7yiBnNBFmh0sjLnBni8/SR6Wi0U root@ubuntu-xenial (DSA)
<14>Jan 29 16:25:58 ec2: 256 SHA256:vZkiql6/CZegaITQnfqdGLztzzKUUu2aexPEmLfzT9o root@ubuntu-xenial (ECDSA)
<14>Jan 29 16:25:58 ec2: 256 SHA256:7M5TpTY91wdYU4kg4cKfOFZ+3JvVZcUocX43a/1pxvk root@ubuntu-xenial (ED25519)
<14>Jan 29 16:25:58 ec2: 2048 SHA256:oNTD5KyFfv1fVD1pqdCyWAq4SZYYKYvP7mmp55XvvUg root@ubuntu-xenial (RSA)
<14>Jan 29 16:25:58 ec2: -----END SSH HOST KEY FINGERPRINTS-----
<14>Jan 29 16:25:58 ec2: #############################################################
-----BEGIN SSH HOST KEY KEYS-----
ecdsa-sha2-nistp256 AAAAE2VjZHNhLXNoYTItbmlzdHAyNTYAAAAIbmlzdHAyNTYAAABBBGS9UmHCsRNhnkFlvCJI5KNNq98hm1zFsjGQQwiaK5APhcFPWokJZVPciDhfRt7LcLE0c4zK6p8A9bIz8HF+3yE= root@ubuntu-xenial
ssh-ed25519 AAAAC3NzaC1lZDI1NTE5AAAAIDFxS3G3hX4o4OXCOp/zux4W1oEuV4wD0zHhSPvfb5xo root@ubuntu-xenial
ssh-rsa AAAAB3NzaC1yc2EAAAADAQABAAABAQDS2l2Sx6yMMdBzmlQZ+niuZO2P/HyRf7Sc+gjJ9Snpx86HHPOr2IanB/fwV2DxddgFBE7qNISs6XDGX4td5lZIISCiqWLOSlccnfGNvba+bBDK6fxVrYauQNgN86i7yyAZKKT3cYPHiDKjzEi3VcrSK+1sFAz9UgSbvIHigXjz4NBaaDxfrN/F/TUyLfY56XJlHSp71rcJI9w0l4XDDTeTP3Di3Uoc7S7sIXay4Bk+9Zzzk3ciQg6MVy/gwKnCrV+S8z6fKOWF/9jr7qtcFoJhcEvghg5GShs8U0pY0lbKlK2+wfyg1H+UX+E1uQgdoZ1yf007G0572OsVr3xlhy0f root@ubuntu-xenial
-----END SSH HOST KEY KEYS-----
[   44.052940] cloud-init[1438]: Cloud-init v. 17.1 running 'modules:final' at Mon, 29 Jan 2018 16:25:58 +0000. Up 42.79 seconds.
[   44.058433] cloud-init[1438]: ci-info: no authorized ssh keys fingerprints found for user ubuntu.
[   44.062884] cloud-init[1438]: Cloud-init v. 17.1 finished at Mon, 29 Jan 2018 16:25:59 +0000. Datasource DataSourceNoCloud [seed=/dev/sdb][dsmode=net].  Up 44.04 seconds
[[0;32m  OK  [0m] Started Execute cloud user/final scripts.
[[0;32m  OK  [0m] Reached target Cloud-init target.

Ubuntu 16.04.3 LTS ubuntu-xenial ttyS0

ubuntu-xenial login: 